[0.006s] Invoking command in '/home/vishwam/iitb_racecar/build/racecar_plugins': CMAKE_PREFIX_PATH=${CMAKE_PREFIX_PATH}:/opt/ros/humble:/home/vishwam/iitb_racecar/install/racecar /usr/bin/cmake --build /home/vishwam/iitb_racecar/build/racecar_plugins -- -j20 -l20
[0.037s] [35m[1mConsolidate compiler generated dependencies of target racecar_plugin[0m
[0.088s] [100%] Built target racecar_plugin
[0.122s] Invoked command in '/home/vishwam/iitb_racecar/build/racecar_plugins' returned '0': CMAKE_PREFIX_PATH=${CMAKE_PREFIX_PATH}:/opt/ros/humble:/home/vishwam/iitb_racecar/install/racecar /usr/bin/cmake --build /home/vishwam/iitb_racecar/build/racecar_plugins -- -j20 -l20
[0.172s] Invoking command in '/home/vishwam/iitb_racecar/build/racecar_plugins': CMAKE_PREFIX_PATH=${CMAKE_PREFIX_PATH}:/opt/ros/humble:/home/vishwam/iitb_racecar/install/racecar /usr/bin/cmake --install /home/vishwam/iitb_racecar/build/racecar_plugins
[0.182s] -- Install configuration: ""
[0.183s] -- Execute custom install script
[0.183s] -- Up-to-date symlink: /home/vishwam/iitb_racecar/install/racecar_plugins/share/racecar_plugins/environment/library_path.sh
[0.183s] -- Up-to-date symlink: /home/vishwam/iitb_racecar/install/racecar_plugins/share/racecar_plugins/environment/library_path.dsv
[0.184s] -- Up-to-date symlink: /home/vishwam/iitb_racecar/install/racecar_plugins/lib/libracecar_plugin.so
[0.184s] -- Up-to-date symlink: /home/vishwam/iitb_racecar/install/racecar_plugins/share/ament_index/resource_index/package_run_dependencies/racecar_plugins
[0.184s] -- Up-to-date symlink: /home/vishwam/iitb_racecar/install/racecar_plugins/share/ament_index/resource_index/parent_prefix_path/racecar_plugins
[0.184s] -- Up-to-date symlink: /home/vishwam/iitb_racecar/install/racecar_plugins/share/racecar_plugins/environment/ament_prefix_path.sh
[0.184s] -- Up-to-date symlink: /home/vishwam/iitb_racecar/install/racecar_plugins/share/racecar_plugins/environment/ament_prefix_path.dsv
[0.185s] -- Up-to-date symlink: /home/vishwam/iitb_racecar/install/racecar_plugins/share/racecar_plugins/environment/path.sh
[0.185s] -- Up-to-date symlink: /home/vishwam/iitb_racecar/install/racecar_plugins/share/racecar_plugins/environment/path.dsv
[0.185s] -- Up-to-date symlink: /home/vishwam/iitb_racecar/install/racecar_plugins/share/racecar_plugins/local_setup.bash
[0.185s] -- Up-to-date symlink: /home/vishwam/iitb_racecar/install/racecar_plugins/share/racecar_plugins/local_setup.sh
[0.185s] -- Up-to-date symlink: /home/vishwam/iitb_racecar/install/racecar_plugins/share/racecar_plugins/local_setup.zsh
[0.185s] -- Up-to-date symlink: /home/vishwam/iitb_racecar/install/racecar_plugins/share/racecar_plugins/local_setup.dsv
[0.185s] -- Symlinking: /home/vishwam/iitb_racecar/install/racecar_plugins/share/racecar_plugins/package.dsv
[0.199s] -- Up-to-date symlink: /home/vishwam/iitb_racecar/install/racecar_plugins/share/ament_index/resource_index/packages/racecar_plugins
[0.199s] -- Up-to-date symlink: /home/vishwam/iitb_racecar/install/racecar_plugins/share/racecar_plugins/cmake/ament_cmake_export_libraries-extras.cmake
[0.200s] -- Up-to-date symlink: /home/vishwam/iitb_racecar/install/racecar_plugins/share/racecar_plugins/cmake/racecar_pluginsConfig.cmake
[0.200s] -- Up-to-date symlink: /home/vishwam/iitb_racecar/install/racecar_plugins/share/racecar_plugins/cmake/racecar_pluginsConfig-version.cmake
[0.200s] -- Up-to-date symlink: /home/vishwam/iitb_racecar/install/racecar_plugins/share/racecar_plugins/package.xml
[0.422s] Invoked command in '/home/vishwam/iitb_racecar/build/racecar_plugins' returned '0': CMAKE_PREFIX_PATH=${CMAKE_PREFIX_PATH}:/opt/ros/humble:/home/vishwam/iitb_racecar/install/racecar /usr/bin/cmake --install /home/vishwam/iitb_racecar/build/racecar_plugins
