-- Install configuration: ""
-- Execute custom install script
-- Up-to-date symlink: /home/vishwam/iitb_racecar/install/racecar_description/share/racecar_description/urdf/macros.urdf.xacro
-- Up-to-date symlink: /home/vishwam/iitb_racecar/install/racecar_description/share/racecar_description/urdf/materials.urdf.xacro
-- Up-to-date symlink: /home/vishwam/iitb_racecar/install/racecar_description/share/racecar_description/urdf/racecar.gazebo
-- Up-to-date symlink: /home/vishwam/iitb_racecar/install/racecar_description/share/racecar_description/urdf/racecar.urdf.xacro
-- Up-to-date symlink: /home/vishwam/iitb_racecar/install/racecar_description/share/racecar_description/meshes/chassis.STL
-- Up-to-date symlink: /home/vishwam/iitb_racecar/install/racecar_description/share/racecar_description/meshes/chassis.dae
-- Up-to-date symlink: /home/vishwam/iitb_racecar/install/racecar_description/share/racecar_description/meshes/left_front_wheel.STL
-- Up-to-date symlink: /home/vishwam/iitb_racecar/install/racecar_description/share/racecar_description/meshes/left_front_wheel.dae
-- Up-to-date symlink: /home/vishwam/iitb_racecar/install/racecar_description/share/racecar_description/meshes/left_rear_wheel.STL
-- Up-to-date symlink: /home/vishwam/iitb_racecar/install/racecar_description/share/racecar_description/meshes/left_rear_wheel.dae
-- Up-to-date symlink: /home/vishwam/iitb_racecar/install/racecar_description/share/racecar_description/meshes/left_steering_hinge.STL
-- Up-to-date symlink: /home/vishwam/iitb_racecar/install/racecar_description/share/racecar_description/meshes/left_steering_hinge.dae
-- Up-to-date symlink: /home/vishwam/iitb_racecar/install/racecar_description/share/racecar_description/meshes/right_front_wheel.STL
-- Up-to-date symlink: /home/vishwam/iitb_racecar/install/racecar_description/share/racecar_description/meshes/right_front_wheel.dae
-- Up-to-date symlink: /home/vishwam/iitb_racecar/install/racecar_description/share/racecar_description/meshes/right_rear_wheel.STL
-- Up-to-date symlink: /home/vishwam/iitb_racecar/install/racecar_description/share/racecar_description/meshes/right_rear_wheel.dae
-- Up-to-date symlink: /home/vishwam/iitb_racecar/install/racecar_description/share/racecar_description/meshes/right_steering_hinge.STL
-- Up-to-date symlink: /home/vishwam/iitb_racecar/install/racecar_description/share/racecar_description/meshes/right_steering_hinge.dae
-- Up-to-date symlink: /home/vishwam/iitb_racecar/install/racecar_description/share/racecar_description/worlds/macros.urdf.xacro
-- Up-to-date symlink: /home/vishwam/iitb_racecar/install/racecar_description/share/racecar_description/worlds/materials.urdf.xacro
-- Up-to-date symlink: /home/vishwam/iitb_racecar/install/racecar_description/share/racecar_description/worlds/racecar.gazebo
-- Up-to-date symlink: /home/vishwam/iitb_racecar/install/racecar_description/share/racecar_description/worlds/racecar.urdf.xacro
-- Up-to-date symlink: /home/vishwam/iitb_racecar/install/racecar_description/share/racecar_description/package.xml
-- Up-to-date symlink: /home/vishwam/iitb_racecar/install/racecar_description/share/ament_index/resource_index/package_run_dependencies/racecar_description
-- Up-to-date symlink: /home/vishwam/iitb_racecar/install/racecar_description/share/ament_index/resource_index/parent_prefix_path/racecar_description
-- Up-to-date symlink: /home/vishwam/iitb_racecar/install/racecar_description/share/racecar_description/environment/ament_prefix_path.sh
-- Up-to-date symlink: /home/vishwam/iitb_racecar/install/racecar_description/share/racecar_description/environment/ament_prefix_path.dsv
-- Up-to-date symlink: /home/vishwam/iitb_racecar/install/racecar_description/share/racecar_description/environment/path.sh
-- Up-to-date symlink: /home/vishwam/iitb_racecar/install/racecar_description/share/racecar_description/environment/path.dsv
-- Up-to-date symlink: /home/vishwam/iitb_racecar/install/racecar_description/share/racecar_description/local_setup.bash
-- Up-to-date symlink: /home/vishwam/iitb_racecar/install/racecar_description/share/racecar_description/local_setup.sh
-- Up-to-date symlink: /home/vishwam/iitb_racecar/install/racecar_description/share/racecar_description/local_setup.zsh
-- Up-to-date symlink: /home/vishwam/iitb_racecar/install/racecar_description/share/racecar_description/local_setup.dsv
-- Symlinking: /home/vishwam/iitb_racecar/install/racecar_description/share/racecar_description/package.dsv
-- Up-to-date symlink: /home/vishwam/iitb_racecar/install/racecar_description/share/ament_index/resource_index/packages/racecar_description
-- Up-to-date symlink: /home/vishwam/iitb_racecar/install/racecar_description/share/racecar_description/cmake/racecar_descriptionConfig.cmake
-- Up-to-date symlink: /home/vishwam/iitb_racecar/install/racecar_description/share/racecar_description/cmake/racecar_descriptionConfig-version.cmake
-- Up-to-date symlink: /home/vishwam/iitb_racecar/install/racecar_description/share/racecar_description/package.xml
