[0.936s] Invoking command in '/home/vishwam/iitb_racecar/build/racecar': CMAKE_PREFIX_PATH=/home/vishwam/iitb_racecar/install/racecar_description:/home/vishwam/iitb_racecar/install/racecar_plugins PYTHONPATH=/home/vishwam/iitb_racecar/build/racecar/prefix_override:/home/vishwam/.local/lib/python3.10/site-packages/colcon_core/task/python/colcon_distutils_commands:/home/vishwam/iitb_racecar/install/racecar/lib/python3.10/site-packages:${PYTHONPATH} /usr/bin/python3 -W ignore:setup.py install is deprecated setup.py develop --editable --build-directory /home/vishwam/iitb_racecar/build/racecar/build --no-deps symlink_data
[1.306s] running develop
[1.307s] /usr/lib/python3/dist-packages/setuptools/command/easy_install.py:158: EasyInstallDeprecationWarning: easy_install command is deprecated. Use build and pip and other standards-based tools.
[1.307s]   warnings.warn(
[1.585s] running egg_info
[1.586s] writing racecar.egg-info/PKG-INFO
[1.586s] writing dependency_links to racecar.egg-info/dependency_links.txt
[1.586s] writing entry points to racecar.egg-info/entry_points.txt
[1.586s] writing requirements to racecar.egg-info/requires.txt
[1.587s] writing top-level names to racecar.egg-info/top_level.txt
[1.590s] reading manifest file 'racecar.egg-info/SOURCES.txt'
[1.591s] writing manifest file 'racecar.egg-info/SOURCES.txt'
[1.654s] running build_ext
[1.654s] Creating /home/vishwam/iitb_racecar/install/racecar/lib/python3.10/site-packages/racecar.egg-link (link to .)
[1.655s] Installing control script to /home/vishwam/iitb_racecar/install/racecar/lib/racecar
[1.656s] Installing pos script to /home/vishwam/iitb_racecar/install/racecar/lib/racecar
[1.656s] 
[1.656s] Installed /home/vishwam/iitb_racecar/build/racecar
[1.656s] running symlink_data
[1.702s] Invoked command in '/home/vishwam/iitb_racecar/build/racecar' returned '0': CMAKE_PREFIX_PATH=/home/vishwam/iitb_racecar/install/racecar_description:/home/vishwam/iitb_racecar/install/racecar_plugins PYTHONPATH=/home/vishwam/iitb_racecar/build/racecar/prefix_override:/home/vishwam/.local/lib/python3.10/site-packages/colcon_core/task/python/colcon_distutils_commands:/home/vishwam/iitb_racecar/install/racecar/lib/python3.10/site-packages:${PYTHONPATH} /usr/bin/python3 -W ignore:setup.py install is deprecated setup.py develop --editable --build-directory /home/vishwam/iitb_racecar/build/racecar/build --no-deps symlink_data
