[0.006s] Invoking command in '/home/vishwam/iitb_racecar/build/racecar_description': CMAKE_PREFIX_PATH=${CMAKE_PREFIX_PATH}:/opt/ros/humble:/home/vishwam/iitb_racecar/install/racecar /usr/bin/cmake /home/vishwam/iitb_racecar/src/racecar_description -DAMENT_CMAKE_SYMLINK_INSTALL=1 -DCMAKE_INSTALL_PREFIX=/home/vishwam/iitb_racecar/install/racecar_description
[0.049s] -- The C compiler identification is GNU 11.4.0
[0.117s] -- The CXX compiler identification is GNU 11.4.0
[0.128s] -- Detecting C compiler ABI info
[0.214s] -- Detecting C compiler ABI info - done
[0.224s] -- Check for working C compiler: /usr/bin/cc - skipped
[0.225s] -- Detecting C compile features
[0.225s] -- Detecting C compile features - done
[0.229s] -- Detecting CXX compiler ABI info
[0.328s] -- Detecting CXX compiler ABI info - done
[0.339s] -- Check for working CXX compiler: /usr/bin/c++ - skipped
[0.340s] -- Detecting CXX compile features
[0.340s] -- Detecting CXX compile features - done
[0.342s] -- Found ament_cmake: 1.3.11 (/opt/ros/humble/share/ament_cmake/cmake)
[0.546s] -- Found Python3: /usr/bin/python3 (found version "3.10.12") found components: Interpreter 
[0.627s] -- Override CMake install command with custom implementation using symlinks instead of copying resources
[0.651s] -- Found ament_lint_auto: 0.12.11 (/opt/ros/humble/share/ament_lint_auto/cmake)
[0.751s] -- Configuring done
[0.752s] -- Generating done
[0.753s] -- Build files have been written to: /home/vishwam/iitb_racecar/build/racecar_description
[0.756s] Invoked command in '/home/vishwam/iitb_racecar/build/racecar_description' returned '0': CMAKE_PREFIX_PATH=${CMAKE_PREFIX_PATH}:/opt/ros/humble:/home/vishwam/iitb_racecar/install/racecar /usr/bin/cmake /home/vishwam/iitb_racecar/src/racecar_description -DAMENT_CMAKE_SYMLINK_INSTALL=1 -DCMAKE_INSTALL_PREFIX=/home/vishwam/iitb_racecar/install/racecar_description
[0.756s] Invoking command in '/home/vishwam/iitb_racecar/build/racecar_description': CMAKE_PREFIX_PATH=${CMAKE_PREFIX_PATH}:/opt/ros/humble:/home/vishwam/iitb_racecar/install/racecar /usr/bin/cmake --build /home/vishwam/iitb_racecar/build/racecar_description -- -j20 -l20
[0.776s] Invoked command in '/home/vishwam/iitb_racecar/build/racecar_description' returned '0': CMAKE_PREFIX_PATH=${CMAKE_PREFIX_PATH}:/opt/ros/humble:/home/vishwam/iitb_racecar/install/racecar /usr/bin/cmake --build /home/vishwam/iitb_racecar/build/racecar_description -- -j20 -l20
[0.792s] Invoking command in '/home/vishwam/iitb_racecar/build/racecar_description': CMAKE_PREFIX_PATH=${CMAKE_PREFIX_PATH}:/opt/ros/humble:/home/vishwam/iitb_racecar/install/racecar /usr/bin/cmake --install /home/vishwam/iitb_racecar/build/racecar_description
[0.796s] -- Install configuration: ""
[0.796s] -- Execute custom install script
[0.797s] -- Symlinking: /home/vishwam/iitb_racecar/install/racecar_description/share/racecar_description/urdf/macros.urdf.xacro
[0.802s] -- Symlinking: /home/vishwam/iitb_racecar/install/racecar_description/share/racecar_description/urdf/materials.urdf.xacro
[0.809s] -- Symlinking: /home/vishwam/iitb_racecar/install/racecar_description/share/racecar_description/urdf/racecar.gazebo
[0.817s] -- Symlinking: /home/vishwam/iitb_racecar/install/racecar_description/share/racecar_description/urdf/racecar.urdf.xacro
[0.827s] -- Symlinking: /home/vishwam/iitb_racecar/install/racecar_description/share/racecar_description/meshes/chassis.STL
[0.838s] -- Symlinking: /home/vishwam/iitb_racecar/install/racecar_description/share/racecar_description/meshes/chassis.dae
[0.849s] -- Symlinking: /home/vishwam/iitb_racecar/install/racecar_description/share/racecar_description/meshes/left_front_wheel.STL
[0.860s] -- Symlinking: /home/vishwam/iitb_racecar/install/racecar_description/share/racecar_description/meshes/left_front_wheel.dae
[0.870s] -- Symlinking: /home/vishwam/iitb_racecar/install/racecar_description/share/racecar_description/meshes/left_rear_wheel.STL
[0.880s] -- Symlinking: /home/vishwam/iitb_racecar/install/racecar_description/share/racecar_description/meshes/left_rear_wheel.dae
[0.890s] -- Symlinking: /home/vishwam/iitb_racecar/install/racecar_description/share/racecar_description/meshes/left_steering_hinge.STL
[0.901s] -- Symlinking: /home/vishwam/iitb_racecar/install/racecar_description/share/racecar_description/meshes/left_steering_hinge.dae
[0.911s] -- Symlinking: /home/vishwam/iitb_racecar/install/racecar_description/share/racecar_description/meshes/right_front_wheel.STL
[0.921s] -- Symlinking: /home/vishwam/iitb_racecar/install/racecar_description/share/racecar_description/meshes/right_front_wheel.dae
[0.931s] -- Symlinking: /home/vishwam/iitb_racecar/install/racecar_description/share/racecar_description/meshes/right_rear_wheel.STL
[0.942s] -- Symlinking: /home/vishwam/iitb_racecar/install/racecar_description/share/racecar_description/meshes/right_rear_wheel.dae
[0.953s] -- Symlinking: /home/vishwam/iitb_racecar/install/racecar_description/share/racecar_description/meshes/right_steering_hinge.STL
[0.964s] -- Symlinking: /home/vishwam/iitb_racecar/install/racecar_description/share/racecar_description/meshes/right_steering_hinge.dae
[0.975s] -- Symlinking: /home/vishwam/iitb_racecar/install/racecar_description/share/racecar_description/worlds/macros.urdf.xacro
[0.985s] -- Symlinking: /home/vishwam/iitb_racecar/install/racecar_description/share/racecar_description/worlds/materials.urdf.xacro
[0.996s] -- Symlinking: /home/vishwam/iitb_racecar/install/racecar_description/share/racecar_description/worlds/racecar.gazebo
[1.006s] -- Symlinking: /home/vishwam/iitb_racecar/install/racecar_description/share/racecar_description/worlds/racecar.urdf.xacro
[1.017s] -- Symlinking: /home/vishwam/iitb_racecar/install/racecar_description/share/racecar_description/package.xml
[1.028s] -- Symlinking: /home/vishwam/iitb_racecar/install/racecar_description/share/ament_index/resource_index/package_run_dependencies/racecar_description
[1.040s] -- Symlinking: /home/vishwam/iitb_racecar/install/racecar_description/share/ament_index/resource_index/parent_prefix_path/racecar_description
[1.053s] -- Symlinking: /home/vishwam/iitb_racecar/install/racecar_description/share/racecar_description/environment/ament_prefix_path.sh
[1.064s] -- Symlinking: /home/vishwam/iitb_racecar/install/racecar_description/share/racecar_description/environment/ament_prefix_path.dsv
[1.077s] -- Symlinking: /home/vishwam/iitb_racecar/install/racecar_description/share/racecar_description/environment/path.sh
[1.090s] -- Symlinking: /home/vishwam/iitb_racecar/install/racecar_description/share/racecar_description/environment/path.dsv
[1.102s] -- Symlinking: /home/vishwam/iitb_racecar/install/racecar_description/share/racecar_description/local_setup.bash
[1.114s] -- Symlinking: /home/vishwam/iitb_racecar/install/racecar_description/share/racecar_description/local_setup.sh
[1.126s] -- Symlinking: /home/vishwam/iitb_racecar/install/racecar_description/share/racecar_description/local_setup.zsh
[1.138s] -- Symlinking: /home/vishwam/iitb_racecar/install/racecar_description/share/racecar_description/local_setup.dsv
[1.149s] -- Symlinking: /home/vishwam/iitb_racecar/install/racecar_description/share/racecar_description/package.dsv
[1.159s] -- Symlinking: /home/vishwam/iitb_racecar/install/racecar_description/share/ament_index/resource_index/packages/racecar_description
[1.170s] -- Symlinking: /home/vishwam/iitb_racecar/install/racecar_description/share/racecar_description/cmake/racecar_descriptionConfig.cmake
[1.180s] -- Symlinking: /home/vishwam/iitb_racecar/install/racecar_description/share/racecar_description/cmake/racecar_descriptionConfig-version.cmake
[1.190s] -- Up-to-date symlink: /home/vishwam/iitb_racecar/install/racecar_description/share/racecar_description/package.xml
[1.194s] Invoked command in '/home/vishwam/iitb_racecar/build/racecar_description' returned '0': CMAKE_PREFIX_PATH=${CMAKE_PREFIX_PATH}:/opt/ros/humble:/home/vishwam/iitb_racecar/install/racecar /usr/bin/cmake --install /home/vishwam/iitb_racecar/build/racecar_description
