[0.129s] DEBUG:colcon:Command line arguments: ['/home/vishwam/.local/bin/colcon', 'build', '--symlink-install']
[0.129s] DEBUG:colcon:Parsed command line arguments: Namespace(log_base=None, log_level=None, verb_name='build', build_base='build', install_base='install', merge_install=False, symlink_install=True, test_result_base=None, continue_on_error=False, executor='parallel', parallel_workers=20, event_handlers=None, ignore_user_meta=False, metas=['./colcon.meta'], base_paths=['.'], packages_ignore=None, packages_ignore_regex=None, paths=None, packages_up_to=None, packages_up_to_regex=None, packages_above=None, packages_above_and_dependencies=None, packages_above_depth=None, packages_select_by_dep=None, packages_skip_by_dep=None, packages_skip_up_to=None, packages_select_build_failed=False, packages_skip_build_finished=False, packages_select_test_failures=False, packages_skip_test_passed=False, packages_select=None, packages_skip=None, packages_select_regex=None, packages_skip_regex=None, packages_start=None, packages_end=None, cmake_args=None, cmake_target=None, cmake_target_skip_unavailable=False, cmake_clean_cache=False, cmake_clean_first=False, cmake_force_configure=False, ament_cmake_args=None, catkin_cmake_args=None, catkin_skip_building_tests=False, verb_parser=<colcon_defaults.argument_parser.defaults.DefaultArgumentsDecorator object at 0x752999b561d0>, verb_extension=<colcon_core.verb.build.BuildVerb object at 0x752999ccfa90>, main=<bound method BuildVerb.main of <colcon_core.verb.build.BuildVerb object at 0x752999ccfa90>>)
[0.219s] Level 1:colcon.colcon_core.package_discovery:discover_packages(colcon_meta) check parameters
[0.219s] Level 1:colcon.colcon_core.package_discovery:discover_packages(recursive) check parameters
[0.219s] Level 1:colcon.colcon_core.package_discovery:discover_packages(ignore) check parameters
[0.219s] Level 1:colcon.colcon_core.package_discovery:discover_packages(path) check parameters
[0.219s] Level 1:colcon.colcon_core.package_discovery:discover_packages(colcon_meta) discover
[0.219s] Level 1:colcon.colcon_core.package_discovery:discover_packages(recursive) discover
[0.219s] INFO:colcon.colcon_core.package_discovery:Crawling recursively for packages in '/home/vishwam/iitb_racecar'
[0.219s] Level 1:colcon.colcon_core.package_identification:_identify(.) by extensions ['ignore', 'ignore_ament_install']
[0.219s] Level 1:colcon.colcon_core.package_identification:_identify(.) by extension 'ignore'
[0.219s] Level 1:colcon.colcon_core.package_identification:_identify(.) by extension 'ignore_ament_install'
[0.219s] Level 1:colcon.colcon_core.package_identification:_identify(.) by extensions ['colcon_pkg']
[0.219s] Level 1:colcon.colcon_core.package_identification:_identify(.) by extension 'colcon_pkg'
[0.219s] Level 1:colcon.colcon_core.package_identification:_identify(.) by extensions ['colcon_meta']
[0.219s] Level 1:colcon.colcon_core.package_identification:_identify(.) by extension 'colcon_meta'
[0.219s] Level 1:colcon.colcon_core.package_identification:_identify(.) by extensions ['ros']
[0.219s] Level 1:colcon.colcon_core.package_identification:_identify(.) by extension 'ros'
[0.229s] Level 1:colcon.colcon_core.package_identification:_identify(.) by extensions ['cmake', 'python']
[0.229s] Level 1:colcon.colcon_core.package_identification:_identify(.) by extension 'cmake'
[0.229s] Level 1:colcon.colcon_core.package_identification:_identify(.) by extension 'python'
[0.229s] Level 1:colcon.colcon_core.package_identification:_identify(.) by extensions ['python_setup_py']
[0.229s] Level 1:colcon.colcon_core.package_identification:_identify(.) by extension 'python_setup_py'
[0.229s] Level 1:colcon.colcon_core.package_identification:_identify(build) by extensions ['ignore', 'ignore_ament_install']
[0.229s] Level 1:colcon.colcon_core.package_identification:_identify(build) by extension 'ignore'
[0.229s] Level 1:colcon.colcon_core.package_identification:_identify(build) ignored
[0.229s] Level 1:colcon.colcon_core.package_identification:_identify(install) by extensions ['ignore', 'ignore_ament_install']
[0.229s] Level 1:colcon.colcon_core.package_identification:_identify(install) by extension 'ignore'
[0.229s] Level 1:colcon.colcon_core.package_identification:_identify(install) ignored
[0.229s] Level 1:colcon.colcon_core.package_identification:_identify(log) by extensions ['ignore', 'ignore_ament_install']
[0.229s] Level 1:colcon.colcon_core.package_identification:_identify(log) by extension 'ignore'
[0.229s] Level 1:colcon.colcon_core.package_identification:_identify(log) ignored
[0.229s] Level 1:colcon.colcon_core.package_identification:_identify(src) by extensions ['ignore', 'ignore_ament_install']
[0.229s] Level 1:colcon.colcon_core.package_identification:_identify(src) by extension 'ignore'
[0.229s] Level 1:colcon.colcon_core.package_identification:_identify(src) by extension 'ignore_ament_install'
[0.229s] Level 1:colcon.colcon_core.package_identification:_identify(src) by extensions ['colcon_pkg']
[0.229s] Level 1:colcon.colcon_core.package_identification:_identify(src) by extension 'colcon_pkg'
[0.229s] Level 1:colcon.colcon_core.package_identification:_identify(src) by extensions ['colcon_meta']
[0.229s] Level 1:colcon.colcon_core.package_identification:_identify(src) by extension 'colcon_meta'
[0.229s] Level 1:colcon.colcon_core.package_identification:_identify(src) by extensions ['ros']
[0.229s] Level 1:colcon.colcon_core.package_identification:_identify(src) by extension 'ros'
[0.229s] Level 1:colcon.colcon_core.package_identification:_identify(src) by extensions ['cmake', 'python']
[0.229s] Level 1:colcon.colcon_core.package_identification:_identify(src) by extension 'cmake'
[0.229s] Level 1:colcon.colcon_core.package_identification:_identify(src) by extension 'python'
[0.229s] Level 1:colcon.colcon_core.package_identification:_identify(src) by extensions ['python_setup_py']
[0.229s] Level 1:colcon.colcon_core.package_identification:_identify(src) by extension 'python_setup_py'
[0.230s] Level 1:colcon.colcon_core.package_identification:_identify(src/racecar) by extensions ['ignore', 'ignore_ament_install']
[0.230s] Level 1:colcon.colcon_core.package_identification:_identify(src/racecar) by extension 'ignore'
[0.230s] Level 1:colcon.colcon_core.package_identification:_identify(src/racecar) by extension 'ignore_ament_install'
[0.230s] Level 1:colcon.colcon_core.package_identification:_identify(src/racecar) by extensions ['colcon_pkg']
[0.230s] Level 1:colcon.colcon_core.package_identification:_identify(src/racecar) by extension 'colcon_pkg'
[0.230s] Level 1:colcon.colcon_core.package_identification:_identify(src/racecar) by extensions ['colcon_meta']
[0.230s] Level 1:colcon.colcon_core.package_identification:_identify(src/racecar) by extension 'colcon_meta'
[0.230s] Level 1:colcon.colcon_core.package_identification:_identify(src/racecar) by extensions ['ros']
[0.230s] Level 1:colcon.colcon_core.package_identification:_identify(src/racecar) by extension 'ros'
[0.231s] DEBUG:colcon.colcon_core.package_identification:Package 'src/racecar' with type 'ros.ament_python' and name 'racecar'
[0.231s] Level 1:colcon.colcon_core.package_identification:_identify(src/racecar_description) by extensions ['ignore', 'ignore_ament_install']
[0.231s] Level 1:colcon.colcon_core.package_identification:_identify(src/racecar_description) by extension 'ignore'
[0.231s] Level 1:colcon.colcon_core.package_identification:_identify(src/racecar_description) by extension 'ignore_ament_install'
[0.231s] Level 1:colcon.colcon_core.package_identification:_identify(src/racecar_description) by extensions ['colcon_pkg']
[0.231s] Level 1:colcon.colcon_core.package_identification:_identify(src/racecar_description) by extension 'colcon_pkg'
[0.231s] Level 1:colcon.colcon_core.package_identification:_identify(src/racecar_description) by extensions ['colcon_meta']
[0.231s] Level 1:colcon.colcon_core.package_identification:_identify(src/racecar_description) by extension 'colcon_meta'
[0.231s] Level 1:colcon.colcon_core.package_identification:_identify(src/racecar_description) by extensions ['ros']
[0.231s] Level 1:colcon.colcon_core.package_identification:_identify(src/racecar_description) by extension 'ros'
[0.232s] DEBUG:colcon.colcon_core.package_identification:Package 'src/racecar_description' with type 'ros.ament_cmake' and name 'racecar_description'
[0.232s] Level 1:colcon.colcon_core.package_identification:_identify(src/racecar_plugins) by extensions ['ignore', 'ignore_ament_install']
[0.232s] Level 1:colcon.colcon_core.package_identification:_identify(src/racecar_plugins) by extension 'ignore'
[0.232s] Level 1:colcon.colcon_core.package_identification:_identify(src/racecar_plugins) by extension 'ignore_ament_install'
[0.232s] Level 1:colcon.colcon_core.package_identification:_identify(src/racecar_plugins) by extensions ['colcon_pkg']
[0.232s] Level 1:colcon.colcon_core.package_identification:_identify(src/racecar_plugins) by extension 'colcon_pkg'
[0.232s] Level 1:colcon.colcon_core.package_identification:_identify(src/racecar_plugins) by extensions ['colcon_meta']
[0.232s] Level 1:colcon.colcon_core.package_identification:_identify(src/racecar_plugins) by extension 'colcon_meta'
[0.232s] Level 1:colcon.colcon_core.package_identification:_identify(src/racecar_plugins) by extensions ['ros']
[0.232s] Level 1:colcon.colcon_core.package_identification:_identify(src/racecar_plugins) by extension 'ros'
[0.232s] DEBUG:colcon.colcon_core.package_identification:Package 'src/racecar_plugins' with type 'ros.ament_cmake' and name 'racecar_plugins'
[0.232s] Level 1:colcon.colcon_core.package_discovery:discover_packages(recursive) using defaults
[0.232s] Level 1:colcon.colcon_core.package_discovery:discover_packages(ignore) discover
[0.232s] Level 1:colcon.colcon_core.package_discovery:discover_packages(ignore) using defaults
[0.232s] Level 1:colcon.colcon_core.package_discovery:discover_packages(path) discover
[0.232s] Level 1:colcon.colcon_core.package_discovery:discover_packages(path) using defaults
[0.242s] Level 5:colcon.colcon_core.verb:set package 'racecar_description' build argument 'cmake_args' from command line to 'None'
[0.242s] Level 5:colcon.colcon_core.verb:set package 'racecar_description' build argument 'cmake_target' from command line to 'None'
[0.242s] Level 5:colcon.colcon_core.verb:set package 'racecar_description' build argument 'cmake_target_skip_unavailable' from command line to 'False'
[0.242s] Level 5:colcon.colcon_core.verb:set package 'racecar_description' build argument 'cmake_clean_cache' from command line to 'False'
[0.242s] Level 5:colcon.colcon_core.verb:set package 'racecar_description' build argument 'cmake_clean_first' from command line to 'False'
[0.242s] Level 5:colcon.colcon_core.verb:set package 'racecar_description' build argument 'cmake_force_configure' from command line to 'False'
[0.242s] Level 5:colcon.colcon_core.verb:set package 'racecar_description' build argument 'ament_cmake_args' from command line to 'None'
[0.242s] Level 5:colcon.colcon_core.verb:set package 'racecar_description' build argument 'catkin_cmake_args' from command line to 'None'
[0.242s] Level 5:colcon.colcon_core.verb:set package 'racecar_description' build argument 'catkin_skip_building_tests' from command line to 'False'
[0.242s] DEBUG:colcon.colcon_core.verb:Building package 'racecar_description' with the following arguments: {'ament_cmake_args': None, 'build_base': '/home/vishwam/iitb_racecar/build/racecar_description', 'catkin_cmake_args': None, 'catkin_skip_building_tests': False, 'cmake_args': None, 'cmake_clean_cache': False, 'cmake_clean_first': False, 'cmake_force_configure': False, 'cmake_target': None, 'cmake_target_skip_unavailable': False, 'install_base': '/home/vishwam/iitb_racecar/install/racecar_description', 'merge_install': False, 'path': '/home/vishwam/iitb_racecar/src/racecar_description', 'symlink_install': True, 'test_result_base': None}
[0.242s] Level 5:colcon.colcon_core.verb:set package 'racecar_plugins' build argument 'cmake_args' from command line to 'None'
[0.242s] Level 5:colcon.colcon_core.verb:set package 'racecar_plugins' build argument 'cmake_target' from command line to 'None'
[0.243s] Level 5:colcon.colcon_core.verb:set package 'racecar_plugins' build argument 'cmake_target_skip_unavailable' from command line to 'False'
[0.243s] Level 5:colcon.colcon_core.verb:set package 'racecar_plugins' build argument 'cmake_clean_cache' from command line to 'False'
[0.243s] Level 5:colcon.colcon_core.verb:set package 'racecar_plugins' build argument 'cmake_clean_first' from command line to 'False'
[0.243s] Level 5:colcon.colcon_core.verb:set package 'racecar_plugins' build argument 'cmake_force_configure' from command line to 'False'
[0.243s] Level 5:colcon.colcon_core.verb:set package 'racecar_plugins' build argument 'ament_cmake_args' from command line to 'None'
[0.243s] Level 5:colcon.colcon_core.verb:set package 'racecar_plugins' build argument 'catkin_cmake_args' from command line to 'None'
[0.243s] Level 5:colcon.colcon_core.verb:set package 'racecar_plugins' build argument 'catkin_skip_building_tests' from command line to 'False'
[0.243s] DEBUG:colcon.colcon_core.verb:Building package 'racecar_plugins' with the following arguments: {'ament_cmake_args': None, 'build_base': '/home/vishwam/iitb_racecar/build/racecar_plugins', 'catkin_cmake_args': None, 'catkin_skip_building_tests': False, 'cmake_args': None, 'cmake_clean_cache': False, 'cmake_clean_first': False, 'cmake_force_configure': False, 'cmake_target': None, 'cmake_target_skip_unavailable': False, 'install_base': '/home/vishwam/iitb_racecar/install/racecar_plugins', 'merge_install': False, 'path': '/home/vishwam/iitb_racecar/src/racecar_plugins', 'symlink_install': True, 'test_result_base': None}
[0.243s] Level 5:colcon.colcon_core.verb:set package 'racecar' build argument 'cmake_args' from command line to 'None'
[0.243s] Level 5:colcon.colcon_core.verb:set package 'racecar' build argument 'cmake_target' from command line to 'None'
[0.243s] Level 5:colcon.colcon_core.verb:set package 'racecar' build argument 'cmake_target_skip_unavailable' from command line to 'False'
[0.243s] Level 5:colcon.colcon_core.verb:set package 'racecar' build argument 'cmake_clean_cache' from command line to 'False'
[0.243s] Level 5:colcon.colcon_core.verb:set package 'racecar' build argument 'cmake_clean_first' from command line to 'False'
[0.243s] Level 5:colcon.colcon_core.verb:set package 'racecar' build argument 'cmake_force_configure' from command line to 'False'
[0.243s] Level 5:colcon.colcon_core.verb:set package 'racecar' build argument 'ament_cmake_args' from command line to 'None'
[0.243s] Level 5:colcon.colcon_core.verb:set package 'racecar' build argument 'catkin_cmake_args' from command line to 'None'
[0.243s] Level 5:colcon.colcon_core.verb:set package 'racecar' build argument 'catkin_skip_building_tests' from command line to 'False'
[0.243s] DEBUG:colcon.colcon_core.verb:Building package 'racecar' with the following arguments: {'ament_cmake_args': None, 'build_base': '/home/vishwam/iitb_racecar/build/racecar', 'catkin_cmake_args': None, 'catkin_skip_building_tests': False, 'cmake_args': None, 'cmake_clean_cache': False, 'cmake_clean_first': False, 'cmake_force_configure': False, 'cmake_target': None, 'cmake_target_skip_unavailable': False, 'install_base': '/home/vishwam/iitb_racecar/install/racecar', 'merge_install': False, 'path': '/home/vishwam/iitb_racecar/src/racecar', 'symlink_install': True, 'test_result_base': None}
[0.243s] INFO:colcon.colcon_core.executor:Executing jobs using 'parallel' executor
[0.243s] DEBUG:colcon.colcon_parallel_executor.executor.parallel:run_until_complete
[0.244s] INFO:colcon.colcon_ros.task.ament_cmake.build:Building ROS package in '/home/vishwam/iitb_racecar/src/racecar_description' with build type 'ament_cmake'
[0.244s] INFO:colcon.colcon_cmake.task.cmake.build:Building CMake package in '/home/vishwam/iitb_racecar/src/racecar_description'
[0.245s] INFO:colcon.colcon_core.plugin_system:Skipping extension 'colcon_core.shell.bat': Not used on non-Windows systems
[0.245s] INFO:colcon.colcon_core.shell:Skip shell extension 'powershell' for command environment: Not usable outside of PowerShell
[0.245s] DEBUG:colcon.colcon_core.shell:Skip shell extension 'dsv' for command environment
[0.245s] WARNING:colcon.colcon_ros.prefix_path.ament:The path '/home/vishwam/iitb_racecar/install/racecar_plugins' in the environment variable AMENT_PREFIX_PATH doesn't exist
[0.245s] WARNING:colcon.colcon_ros.prefix_path.ament:The path '/home/vishwam/iitb_racecar/install/racecar' in the environment variable AMENT_PREFIX_PATH doesn't exist
[0.245s] WARNING:colcon.colcon_ros.prefix_path.ament:The path '/home/vishwam/iitb_racecar/install/racecar_description' in the environment variable AMENT_PREFIX_PATH doesn't exist
[0.245s] WARNING:colcon.colcon_ros.prefix_path.catkin:The path '/home/vishwam/iitb_racecar/install/racecar_plugins' in the environment variable CMAKE_PREFIX_PATH doesn't exist
[0.245s] WARNING:colcon.colcon_ros.prefix_path.catkin:The path '/home/vishwam/iitb_racecar/install/racecar_description' in the environment variable CMAKE_PREFIX_PATH doesn't exist
[0.247s] INFO:colcon.colcon_ros.task.ament_cmake.build:Building ROS package in '/home/vishwam/iitb_racecar/src/racecar_plugins' with build type 'ament_cmake'
[0.247s] INFO:colcon.colcon_cmake.task.cmake.build:Building CMake package in '/home/vishwam/iitb_racecar/src/racecar_plugins'
[0.247s] INFO:colcon.colcon_core.shell:Skip shell extension 'powershell' for command environment: Not usable outside of PowerShell
[0.247s] DEBUG:colcon.colcon_core.shell:Skip shell extension 'dsv' for command environment
[0.250s] DEBUG:colcon.colcon_core.event_handler.log_command:Invoking command in '/home/vishwam/iitb_racecar/build/racecar_description': CMAKE_PREFIX_PATH=${CMAKE_PREFIX_PATH}:/opt/ros/humble:/home/vishwam/iitb_racecar/install/racecar /usr/bin/cmake /home/vishwam/iitb_racecar/src/racecar_description -DAMENT_CMAKE_SYMLINK_INSTALL=1 -DCMAKE_INSTALL_PREFIX=/home/vishwam/iitb_racecar/install/racecar_description
[0.252s] DEBUG:colcon.colcon_core.event_handler.log_command:Invoking command in '/home/vishwam/iitb_racecar/build/racecar_plugins': CMAKE_PREFIX_PATH=${CMAKE_PREFIX_PATH}:/opt/ros/humble:/home/vishwam/iitb_racecar/install/racecar /usr/bin/cmake /home/vishwam/iitb_racecar/src/racecar_plugins -DAMENT_CMAKE_SYMLINK_INSTALL=1 -DCMAKE_INSTALL_PREFIX=/home/vishwam/iitb_racecar/install/racecar_plugins
[1.000s] DEBUG:colcon.colcon_core.event_handler.log_command:Invoked command in '/home/vishwam/iitb_racecar/build/racecar_description' returned '0': CMAKE_PREFIX_PATH=${CMAKE_PREFIX_PATH}:/opt/ros/humble:/home/vishwam/iitb_racecar/install/racecar /usr/bin/cmake /home/vishwam/iitb_racecar/src/racecar_description -DAMENT_CMAKE_SYMLINK_INSTALL=1 -DCMAKE_INSTALL_PREFIX=/home/vishwam/iitb_racecar/install/racecar_description
[1.000s] DEBUG:colcon.colcon_core.event_handler.log_command:Invoking command in '/home/vishwam/iitb_racecar/build/racecar_description': CMAKE_PREFIX_PATH=${CMAKE_PREFIX_PATH}:/opt/ros/humble:/home/vishwam/iitb_racecar/install/racecar /usr/bin/cmake --build /home/vishwam/iitb_racecar/build/racecar_description -- -j20 -l20
[1.020s] DEBUG:colcon.colcon_core.event_handler.log_command:Invoked command in '/home/vishwam/iitb_racecar/build/racecar_description' returned '0': CMAKE_PREFIX_PATH=${CMAKE_PREFIX_PATH}:/opt/ros/humble:/home/vishwam/iitb_racecar/install/racecar /usr/bin/cmake --build /home/vishwam/iitb_racecar/build/racecar_description -- -j20 -l20
[1.036s] DEBUG:colcon.colcon_core.event_handler.log_command:Invoking command in '/home/vishwam/iitb_racecar/build/racecar_description': CMAKE_PREFIX_PATH=${CMAKE_PREFIX_PATH}:/opt/ros/humble:/home/vishwam/iitb_racecar/install/racecar /usr/bin/cmake --install /home/vishwam/iitb_racecar/build/racecar_description
[1.437s] Level 1:colcon.colcon_core.environment:create_environment_scripts_only(racecar_description)
[1.438s] DEBUG:colcon.colcon_core.event_handler.log_command:Invoked command in '/home/vishwam/iitb_racecar/build/racecar_description' returned '0': CMAKE_PREFIX_PATH=${CMAKE_PREFIX_PATH}:/opt/ros/humble:/home/vishwam/iitb_racecar/install/racecar /usr/bin/cmake --install /home/vishwam/iitb_racecar/build/racecar_description
[1.440s] Level 1:colcon.colcon_core.environment:checking '/home/vishwam/iitb_racecar/install/racecar_description' for CMake module files
[1.440s] Level 1:colcon.colcon_core.environment:checking '/home/vishwam/iitb_racecar/install/racecar_description' for CMake config files
[1.441s] Level 1:colcon.colcon_core.shell:create_environment_hook('racecar_description', 'cmake_prefix_path')
[1.441s] INFO:colcon.colcon_core.shell:Creating environment hook '/home/vishwam/iitb_racecar/install/racecar_description/share/racecar_description/hook/cmake_prefix_path.ps1'
[1.443s] INFO:colcon.colcon_core.shell:Creating environment descriptor '/home/vishwam/iitb_racecar/install/racecar_description/share/racecar_description/hook/cmake_prefix_path.dsv'
[1.444s] INFO:colcon.colcon_core.shell:Creating environment hook '/home/vishwam/iitb_racecar/install/racecar_description/share/racecar_description/hook/cmake_prefix_path.sh'
[1.445s] Level 1:colcon.colcon_core.environment:checking '/home/vishwam/iitb_racecar/install/racecar_description/bin'
[1.445s] Level 1:colcon.colcon_core.environment:checking '/home/vishwam/iitb_racecar/install/racecar_description/lib/pkgconfig/racecar_description.pc'
[1.448s] Level 1:colcon.colcon_core.environment:checking '/home/vishwam/iitb_racecar/install/racecar_description/lib/python3.10/site-packages'
[1.448s] Level 1:colcon.colcon_core.environment:checking '/home/vishwam/iitb_racecar/install/racecar_description/bin'
[1.449s] INFO:colcon.colcon_core.shell:Creating package script '/home/vishwam/iitb_racecar/install/racecar_description/share/racecar_description/package.ps1'
[1.449s] INFO:colcon.colcon_core.shell:Creating package descriptor '/home/vishwam/iitb_racecar/install/racecar_description/share/racecar_description/package.dsv'
[1.450s] INFO:colcon.colcon_core.shell:Creating package script '/home/vishwam/iitb_racecar/install/racecar_description/share/racecar_description/package.sh'
[1.451s] INFO:colcon.colcon_core.shell:Creating package script '/home/vishwam/iitb_racecar/install/racecar_description/share/racecar_description/package.bash'
[1.452s] INFO:colcon.colcon_core.shell:Creating package script '/home/vishwam/iitb_racecar/install/racecar_description/share/racecar_description/package.zsh'
[1.452s] Level 1:colcon.colcon_core.environment:create_file_with_runtime_dependencies(/home/vishwam/iitb_racecar/install/racecar_description/share/colcon-core/packages/racecar_description)
[1.481s] Level 1:colcon.colcon_core.environment:create_environment_scripts_only(racecar_description)
[1.481s] Level 1:colcon.colcon_core.environment:checking '/home/vishwam/iitb_racecar/install/racecar_description' for CMake module files
[1.482s] Level 1:colcon.colcon_core.environment:checking '/home/vishwam/iitb_racecar/install/racecar_description' for CMake config files
[1.483s] Level 1:colcon.colcon_core.shell:create_environment_hook('racecar_description', 'cmake_prefix_path')
[1.483s] INFO:colcon.colcon_core.shell:Creating environment hook '/home/vishwam/iitb_racecar/install/racecar_description/share/racecar_description/hook/cmake_prefix_path.ps1'
[1.484s] INFO:colcon.colcon_core.shell:Creating environment descriptor '/home/vishwam/iitb_racecar/install/racecar_description/share/racecar_description/hook/cmake_prefix_path.dsv'
[1.484s] INFO:colcon.colcon_core.shell:Creating environment hook '/home/vishwam/iitb_racecar/install/racecar_description/share/racecar_description/hook/cmake_prefix_path.sh'
[1.485s] Level 1:colcon.colcon_core.environment:checking '/home/vishwam/iitb_racecar/install/racecar_description/bin'
[1.485s] Level 1:colcon.colcon_core.environment:checking '/home/vishwam/iitb_racecar/install/racecar_description/lib/pkgconfig/racecar_description.pc'
[1.485s] Level 1:colcon.colcon_core.environment:checking '/home/vishwam/iitb_racecar/install/racecar_description/lib/python3.10/site-packages'
[1.486s] Level 1:colcon.colcon_core.environment:checking '/home/vishwam/iitb_racecar/install/racecar_description/bin'
[1.486s] INFO:colcon.colcon_core.shell:Creating package script '/home/vishwam/iitb_racecar/install/racecar_description/share/racecar_description/package.ps1'
[1.487s] INFO:colcon.colcon_core.shell:Creating package descriptor '/home/vishwam/iitb_racecar/install/racecar_description/share/racecar_description/package.dsv'
[1.488s] INFO:colcon.colcon_core.shell:Creating package script '/home/vishwam/iitb_racecar/install/racecar_description/share/racecar_description/package.sh'
[1.489s] INFO:colcon.colcon_core.shell:Creating package script '/home/vishwam/iitb_racecar/install/racecar_description/share/racecar_description/package.bash'
[1.489s] INFO:colcon.colcon_core.shell:Creating package script '/home/vishwam/iitb_racecar/install/racecar_description/share/racecar_description/package.zsh'
[1.490s] Level 1:colcon.colcon_core.environment:create_file_with_runtime_dependencies(/home/vishwam/iitb_racecar/install/racecar_description/share/colcon-core/packages/racecar_description)
[1.490s] INFO:colcon.colcon_ros.task.ament_python.build:Building ROS package in '/home/vishwam/iitb_racecar/src/racecar' with build type 'ament_python'
[1.490s] Level 1:colcon.colcon_core.shell:create_environment_hook('racecar', 'ament_prefix_path')
[1.491s] INFO:colcon.colcon_core.shell:Creating environment hook '/home/vishwam/iitb_racecar/install/racecar/share/racecar/hook/ament_prefix_path.ps1'
[1.492s] INFO:colcon.colcon_core.shell:Creating environment descriptor '/home/vishwam/iitb_racecar/install/racecar/share/racecar/hook/ament_prefix_path.dsv'
[1.493s] INFO:colcon.colcon_core.shell:Creating environment hook '/home/vishwam/iitb_racecar/install/racecar/share/racecar/hook/ament_prefix_path.sh'
[1.494s] INFO:colcon.colcon_core.shell:Skip shell extension 'powershell' for command environment: Not usable outside of PowerShell
[1.494s] DEBUG:colcon.colcon_core.shell:Skip shell extension 'dsv' for command environment
[1.812s] INFO:colcon.colcon_core.task.python.build:Building Python package in '/home/vishwam/iitb_racecar/src/racecar'
[1.813s] INFO:colcon.colcon_core.shell:Skip shell extension 'powershell' for command environment: Not usable outside of PowerShell
[1.813s] DEBUG:colcon.colcon_core.shell:Skip shell extension 'dsv' for command environment
[2.061s] DEBUG:colcon.colcon_core.event_handler.log_command:Invoking command in '/home/vishwam/iitb_racecar/build/racecar': CMAKE_PREFIX_PATH=/home/vishwam/iitb_racecar/install/racecar_description:/home/vishwam/iitb_racecar/install/racecar_plugins PYTHONPATH=/home/vishwam/iitb_racecar/build/racecar/prefix_override:/home/vishwam/.local/lib/python3.10/site-packages/colcon_core/task/python/colcon_distutils_commands:/home/vishwam/iitb_racecar/install/racecar/lib/python3.10/site-packages:${PYTHONPATH} /usr/bin/python3 -W ignore:setup.py install is deprecated setup.py develop --editable --build-directory /home/vishwam/iitb_racecar/build/racecar/build --no-deps symlink_data
[2.241s] DEBUG:colcon.colcon_core.event_handler.log_command:Invoked command in '/home/vishwam/iitb_racecar/build/racecar_plugins' returned '0': CMAKE_PREFIX_PATH=${CMAKE_PREFIX_PATH}:/opt/ros/humble:/home/vishwam/iitb_racecar/install/racecar /usr/bin/cmake /home/vishwam/iitb_racecar/src/racecar_plugins -DAMENT_CMAKE_SYMLINK_INSTALL=1 -DCMAKE_INSTALL_PREFIX=/home/vishwam/iitb_racecar/install/racecar_plugins
[2.242s] DEBUG:colcon.colcon_core.event_handler.log_command:Invoking command in '/home/vishwam/iitb_racecar/build/racecar_plugins': CMAKE_PREFIX_PATH=${CMAKE_PREFIX_PATH}:/opt/ros/humble:/home/vishwam/iitb_racecar/install/racecar /usr/bin/cmake --build /home/vishwam/iitb_racecar/build/racecar_plugins -- -j20 -l20
[2.390s] Level 1:colcon.colcon_core.shell:create_environment_hook('racecar', 'pythonpath_develop')
[2.390s] INFO:colcon.colcon_core.shell:Creating environment hook '/home/vishwam/iitb_racecar/build/racecar/share/racecar/hook/pythonpath_develop.ps1'
[2.390s] DEBUG:colcon.colcon_core.event_handler.log_command:Invoked command in '/home/vishwam/iitb_racecar/build/racecar' returned '0': CMAKE_PREFIX_PATH=/home/vishwam/iitb_racecar/install/racecar_description:/home/vishwam/iitb_racecar/install/racecar_plugins PYTHONPATH=/home/vishwam/iitb_racecar/build/racecar/prefix_override:/home/vishwam/.local/lib/python3.10/site-packages/colcon_core/task/python/colcon_distutils_commands:/home/vishwam/iitb_racecar/install/racecar/lib/python3.10/site-packages:${PYTHONPATH} /usr/bin/python3 -W ignore:setup.py install is deprecated setup.py develop --editable --build-directory /home/vishwam/iitb_racecar/build/racecar/build --no-deps symlink_data
[2.390s] INFO:colcon.colcon_core.shell:Creating environment descriptor '/home/vishwam/iitb_racecar/build/racecar/share/racecar/hook/pythonpath_develop.dsv'
[2.390s] INFO:colcon.colcon_core.shell:Creating environment hook '/home/vishwam/iitb_racecar/build/racecar/share/racecar/hook/pythonpath_develop.sh'
[2.391s] Level 1:colcon.colcon_core.environment:checking '/home/vishwam/iitb_racecar/install/racecar' for CMake module files
[2.391s] Level 1:colcon.colcon_core.environment:checking '/home/vishwam/iitb_racecar/install/racecar' for CMake config files
[2.391s] Level 1:colcon.colcon_core.environment:checking '/home/vishwam/iitb_racecar/install/racecar/lib'
[2.391s] Level 1:colcon.colcon_core.environment:checking '/home/vishwam/iitb_racecar/install/racecar/bin'
[2.391s] Level 1:colcon.colcon_core.environment:checking '/home/vishwam/iitb_racecar/install/racecar/lib/pkgconfig/racecar.pc'
[2.391s] Level 1:colcon.colcon_core.environment:checking '/home/vishwam/iitb_racecar/install/racecar/lib/python3.10/site-packages'
[2.391s] Level 1:colcon.colcon_core.shell:create_environment_hook('racecar', 'pythonpath')
[2.392s] INFO:colcon.colcon_core.shell:Creating environment hook '/home/vishwam/iitb_racecar/install/racecar/share/racecar/hook/pythonpath.ps1'
[2.392s] INFO:colcon.colcon_core.shell:Creating environment descriptor '/home/vishwam/iitb_racecar/install/racecar/share/racecar/hook/pythonpath.dsv'
[2.392s] INFO:colcon.colcon_core.shell:Creating environment hook '/home/vishwam/iitb_racecar/install/racecar/share/racecar/hook/pythonpath.sh'
[2.392s] Level 1:colcon.colcon_core.environment:checking '/home/vishwam/iitb_racecar/install/racecar/bin'
[2.392s] Level 1:colcon.colcon_core.environment:create_environment_scripts_only(racecar)
[2.392s] INFO:colcon.colcon_core.shell:Creating package script '/home/vishwam/iitb_racecar/install/racecar/share/racecar/package.ps1'
[2.392s] INFO:colcon.colcon_core.shell:Creating package descriptor '/home/vishwam/iitb_racecar/install/racecar/share/racecar/package.dsv'
[2.393s] INFO:colcon.colcon_core.shell:Creating package script '/home/vishwam/iitb_racecar/install/racecar/share/racecar/package.sh'
[2.393s] INFO:colcon.colcon_core.shell:Creating package script '/home/vishwam/iitb_racecar/install/racecar/share/racecar/package.bash'
[2.393s] INFO:colcon.colcon_core.shell:Creating package script '/home/vishwam/iitb_racecar/install/racecar/share/racecar/package.zsh'
[2.393s] Level 1:colcon.colcon_core.environment:create_file_with_runtime_dependencies(/home/vishwam/iitb_racecar/install/racecar/share/colcon-core/packages/racecar)
[11.685s] DEBUG:colcon.colcon_core.event_handler.log_command:Invoked command in '/home/vishwam/iitb_racecar/build/racecar_plugins' returned '0': CMAKE_PREFIX_PATH=${CMAKE_PREFIX_PATH}:/opt/ros/humble:/home/vishwam/iitb_racecar/install/racecar /usr/bin/cmake --build /home/vishwam/iitb_racecar/build/racecar_plugins -- -j20 -l20
[11.716s] DEBUG:colcon.colcon_core.event_handler.log_command:Invoking command in '/home/vishwam/iitb_racecar/build/racecar_plugins': CMAKE_PREFIX_PATH=${CMAKE_PREFIX_PATH}:/opt/ros/humble:/home/vishwam/iitb_racecar/install/racecar /usr/bin/cmake --install /home/vishwam/iitb_racecar/build/racecar_plugins
[11.890s] Level 1:colcon.colcon_core.environment:create_environment_scripts_only(racecar_plugins)
[11.890s] Level 1:colcon.colcon_core.environment:checking '/home/vishwam/iitb_racecar/install/racecar_plugins' for CMake module files
[11.891s] DEBUG:colcon.colcon_core.event_handler.log_command:Invoked command in '/home/vishwam/iitb_racecar/build/racecar_plugins' returned '0': CMAKE_PREFIX_PATH=${CMAKE_PREFIX_PATH}:/opt/ros/humble:/home/vishwam/iitb_racecar/install/racecar /usr/bin/cmake --install /home/vishwam/iitb_racecar/build/racecar_plugins
[11.891s] Level 1:colcon.colcon_core.environment:checking '/home/vishwam/iitb_racecar/install/racecar_plugins' for CMake config files
[11.892s] Level 1:colcon.colcon_core.shell:create_environment_hook('racecar_plugins', 'cmake_prefix_path')
[11.892s] INFO:colcon.colcon_core.shell:Creating environment hook '/home/vishwam/iitb_racecar/install/racecar_plugins/share/racecar_plugins/hook/cmake_prefix_path.ps1'
[11.892s] INFO:colcon.colcon_core.shell:Creating environment descriptor '/home/vishwam/iitb_racecar/install/racecar_plugins/share/racecar_plugins/hook/cmake_prefix_path.dsv'
[11.892s] INFO:colcon.colcon_core.shell:Creating environment hook '/home/vishwam/iitb_racecar/install/racecar_plugins/share/racecar_plugins/hook/cmake_prefix_path.sh'
[11.893s] Level 1:colcon.colcon_core.environment:checking '/home/vishwam/iitb_racecar/install/racecar_plugins/lib'
[11.893s] Level 1:colcon.colcon_core.shell:create_environment_hook('racecar_plugins', 'ld_library_path_lib')
[11.893s] INFO:colcon.colcon_core.shell:Creating environment hook '/home/vishwam/iitb_racecar/install/racecar_plugins/share/racecar_plugins/hook/ld_library_path_lib.ps1'
[11.893s] INFO:colcon.colcon_core.shell:Creating environment descriptor '/home/vishwam/iitb_racecar/install/racecar_plugins/share/racecar_plugins/hook/ld_library_path_lib.dsv'
[11.894s] INFO:colcon.colcon_core.shell:Creating environment hook '/home/vishwam/iitb_racecar/install/racecar_plugins/share/racecar_plugins/hook/ld_library_path_lib.sh'
[11.894s] Level 1:colcon.colcon_core.environment:checking '/home/vishwam/iitb_racecar/install/racecar_plugins/bin'
[11.894s] Level 1:colcon.colcon_core.environment:checking '/home/vishwam/iitb_racecar/install/racecar_plugins/lib/pkgconfig/racecar_plugins.pc'
[11.894s] Level 1:colcon.colcon_core.environment:checking '/home/vishwam/iitb_racecar/install/racecar_plugins/lib/python3.10/site-packages'
[11.894s] Level 1:colcon.colcon_core.environment:checking '/home/vishwam/iitb_racecar/install/racecar_plugins/bin'
[11.895s] INFO:colcon.colcon_core.shell:Creating package script '/home/vishwam/iitb_racecar/install/racecar_plugins/share/racecar_plugins/package.ps1'
[11.895s] INFO:colcon.colcon_core.shell:Creating package descriptor '/home/vishwam/iitb_racecar/install/racecar_plugins/share/racecar_plugins/package.dsv'
[11.896s] INFO:colcon.colcon_core.shell:Creating package script '/home/vishwam/iitb_racecar/install/racecar_plugins/share/racecar_plugins/package.sh'
[11.896s] INFO:colcon.colcon_core.shell:Creating package script '/home/vishwam/iitb_racecar/install/racecar_plugins/share/racecar_plugins/package.bash'
[11.896s] INFO:colcon.colcon_core.shell:Creating package script '/home/vishwam/iitb_racecar/install/racecar_plugins/share/racecar_plugins/package.zsh'
[11.896s] Level 1:colcon.colcon_core.environment:create_file_with_runtime_dependencies(/home/vishwam/iitb_racecar/install/racecar_plugins/share/colcon-core/packages/racecar_plugins)
[11.926s] Level 1:colcon.colcon_core.environment:create_environment_scripts_only(racecar_plugins)
[11.926s] Level 1:colcon.colcon_core.environment:checking '/home/vishwam/iitb_racecar/install/racecar_plugins' for CMake module files
[11.927s] Level 1:colcon.colcon_core.environment:checking '/home/vishwam/iitb_racecar/install/racecar_plugins' for CMake config files
[11.927s] Level 1:colcon.colcon_core.shell:create_environment_hook('racecar_plugins', 'cmake_prefix_path')
[11.927s] INFO:colcon.colcon_core.shell:Creating environment hook '/home/vishwam/iitb_racecar/install/racecar_plugins/share/racecar_plugins/hook/cmake_prefix_path.ps1'
[11.928s] INFO:colcon.colcon_core.shell:Creating environment descriptor '/home/vishwam/iitb_racecar/install/racecar_plugins/share/racecar_plugins/hook/cmake_prefix_path.dsv'
[11.928s] INFO:colcon.colcon_core.shell:Creating environment hook '/home/vishwam/iitb_racecar/install/racecar_plugins/share/racecar_plugins/hook/cmake_prefix_path.sh'
[11.928s] Level 1:colcon.colcon_core.environment:checking '/home/vishwam/iitb_racecar/install/racecar_plugins/lib'
[11.929s] Level 1:colcon.colcon_core.shell:create_environment_hook('racecar_plugins', 'ld_library_path_lib')
[11.929s] INFO:colcon.colcon_core.shell:Creating environment hook '/home/vishwam/iitb_racecar/install/racecar_plugins/share/racecar_plugins/hook/ld_library_path_lib.ps1'
[11.929s] INFO:colcon.colcon_core.shell:Creating environment descriptor '/home/vishwam/iitb_racecar/install/racecar_plugins/share/racecar_plugins/hook/ld_library_path_lib.dsv'
[11.929s] INFO:colcon.colcon_core.shell:Creating environment hook '/home/vishwam/iitb_racecar/install/racecar_plugins/share/racecar_plugins/hook/ld_library_path_lib.sh'
[11.930s] Level 1:colcon.colcon_core.environment:checking '/home/vishwam/iitb_racecar/install/racecar_plugins/bin'
[11.930s] Level 1:colcon.colcon_core.environment:checking '/home/vishwam/iitb_racecar/install/racecar_plugins/lib/pkgconfig/racecar_plugins.pc'
[11.930s] Level 1:colcon.colcon_core.environment:checking '/home/vishwam/iitb_racecar/install/racecar_plugins/lib/python3.10/site-packages'
[11.930s] Level 1:colcon.colcon_core.environment:checking '/home/vishwam/iitb_racecar/install/racecar_plugins/bin'
[11.930s] INFO:colcon.colcon_core.shell:Creating package script '/home/vishwam/iitb_racecar/install/racecar_plugins/share/racecar_plugins/package.ps1'
[11.931s] INFO:colcon.colcon_core.shell:Creating package descriptor '/home/vishwam/iitb_racecar/install/racecar_plugins/share/racecar_plugins/package.dsv'
[11.931s] INFO:colcon.colcon_core.shell:Creating package script '/home/vishwam/iitb_racecar/install/racecar_plugins/share/racecar_plugins/package.sh'
[11.932s] INFO:colcon.colcon_core.shell:Creating package script '/home/vishwam/iitb_racecar/install/racecar_plugins/share/racecar_plugins/package.bash'
[11.932s] INFO:colcon.colcon_core.shell:Creating package script '/home/vishwam/iitb_racecar/install/racecar_plugins/share/racecar_plugins/package.zsh'
[11.932s] Level 1:colcon.colcon_core.environment:create_file_with_runtime_dependencies(/home/vishwam/iitb_racecar/install/racecar_plugins/share/colcon-core/packages/racecar_plugins)
[11.932s] DEBUG:colcon.colcon_parallel_executor.executor.parallel:closing loop
[11.932s] DEBUG:colcon.colcon_parallel_executor.executor.parallel:loop closed
[11.932s] DEBUG:colcon.colcon_parallel_executor.executor.parallel:run_until_complete finished with '0'
[11.933s] DEBUG:colcon.colcon_core.event_reactor:joining thread
[11.939s] INFO:colcon.colcon_core.plugin_system:Skipping extension 'colcon_notification.desktop_notification.terminal_notifier': Not used on non-Darwin systems
[11.939s] INFO:colcon.colcon_core.plugin_system:Skipping extension 'colcon_notification.desktop_notification.win32': Not used on non-Windows systems
[11.939s] INFO:colcon.colcon_notification.desktop_notification:Sending desktop notification using 'notify2'
[11.954s] DEBUG:colcon.colcon_core.event_reactor:joined thread
[11.955s] INFO:colcon.colcon_core.shell:Creating prefix script '/home/vishwam/iitb_racecar/install/local_setup.ps1'
[11.956s] INFO:colcon.colcon_core.shell:Creating prefix util module '/home/vishwam/iitb_racecar/install/_local_setup_util_ps1.py'
[11.957s] INFO:colcon.colcon_core.shell:Creating prefix chain script '/home/vishwam/iitb_racecar/install/setup.ps1'
[11.958s] INFO:colcon.colcon_core.shell:Creating prefix script '/home/vishwam/iitb_racecar/install/local_setup.sh'
[11.959s] INFO:colcon.colcon_core.shell:Creating prefix util module '/home/vishwam/iitb_racecar/install/_local_setup_util_sh.py'
[11.959s] INFO:colcon.colcon_core.shell:Creating prefix chain script '/home/vishwam/iitb_racecar/install/setup.sh'
[11.960s] INFO:colcon.colcon_core.shell:Creating prefix script '/home/vishwam/iitb_racecar/install/local_setup.bash'
[11.961s] INFO:colcon.colcon_core.shell:Creating prefix chain script '/home/vishwam/iitb_racecar/install/setup.bash'
[11.962s] INFO:colcon.colcon_core.shell:Creating prefix script '/home/vishwam/iitb_racecar/install/local_setup.zsh'
[11.962s] INFO:colcon.colcon_core.shell:Creating prefix chain script '/home/vishwam/iitb_racecar/install/setup.zsh'
