[0.012s] Invoking command in '/home/vishwam/iitb_racecar/build/racecar_plugins': CMAKE_PREFIX_PATH=${CMAKE_PREFIX_PATH}:/opt/ros/humble:/home/vishwam/iitb_racecar/install/racecar /usr/bin/cmake --build /home/vishwam/iitb_racecar/build/racecar_plugins -- -j20 -l20
[0.080s] [35m[1mConsolidate compiler generated dependencies of target racecar_plugin[0m
[0.132s] [ 50%] [32mBuilding CXX object CMakeFiles/racecar_plugin.dir/src/racecar_plugin.cpp.o[0m
[14.710s] [100%] [32m[1mLinking CXX shared library libracecar_plugin.so[0m
[15.145s] [100%] Built target racecar_plugin
[15.158s] Invoked command in '/home/vishwam/iitb_racecar/build/racecar_plugins' returned '0': CMAKE_PREFIX_PATH=${CMAKE_PREFIX_PATH}:/opt/ros/humble:/home/vishwam/iitb_racecar/install/racecar /usr/bin/cmake --build /home/vishwam/iitb_racecar/build/racecar_plugins -- -j20 -l20
[15.187s] Invoking command in '/home/vishwam/iitb_racecar/build/racecar_plugins': CMAKE_PREFIX_PATH=${CMAKE_PREFIX_PATH}:/opt/ros/humble:/home/vishwam/iitb_racecar/install/racecar /usr/bin/cmake --install /home/vishwam/iitb_racecar/build/racecar_plugins
[15.195s] -- Install configuration: ""
[15.196s] -- Execute custom install script
[15.196s] -- Up-to-date symlink: /home/vishwam/iitb_racecar/install/racecar_plugins/share/racecar_plugins/environment/library_path.sh
[15.197s] -- Up-to-date symlink: /home/vishwam/iitb_racecar/install/racecar_plugins/share/racecar_plugins/environment/library_path.dsv
[15.197s] -- Up-to-date symlink: /home/vishwam/iitb_racecar/install/racecar_plugins/lib/libracecar_plugin.so
[15.197s] -- Up-to-date symlink: /home/vishwam/iitb_racecar/install/racecar_plugins/share/ament_index/resource_index/package_run_dependencies/racecar_plugins
[15.197s] -- Up-to-date symlink: /home/vishwam/iitb_racecar/install/racecar_plugins/share/ament_index/resource_index/parent_prefix_path/racecar_plugins
[15.197s] -- Up-to-date symlink: /home/vishwam/iitb_racecar/install/racecar_plugins/share/racecar_plugins/environment/ament_prefix_path.sh
[15.197s] -- Up-to-date symlink: /home/vishwam/iitb_racecar/install/racecar_plugins/share/racecar_plugins/environment/ament_prefix_path.dsv
[15.197s] -- Up-to-date symlink: /home/vishwam/iitb_racecar/install/racecar_plugins/share/racecar_plugins/environment/path.sh
[15.197s] -- Up-to-date symlink: /home/vishwam/iitb_racecar/install/racecar_plugins/share/racecar_plugins/environment/path.dsv
[15.198s] -- Up-to-date symlink: /home/vishwam/iitb_racecar/install/racecar_plugins/share/racecar_plugins/local_setup.bash
[15.198s] -- Up-to-date symlink: /home/vishwam/iitb_racecar/install/racecar_plugins/share/racecar_plugins/local_setup.sh
[15.198s] -- Up-to-date symlink: /home/vishwam/iitb_racecar/install/racecar_plugins/share/racecar_plugins/local_setup.zsh
[15.198s] -- Up-to-date symlink: /home/vishwam/iitb_racecar/install/racecar_plugins/share/racecar_plugins/local_setup.dsv
[15.198s] -- Symlinking: /home/vishwam/iitb_racecar/install/racecar_plugins/share/racecar_plugins/package.dsv
[15.207s] -- Up-to-date symlink: /home/vishwam/iitb_racecar/install/racecar_plugins/share/ament_index/resource_index/packages/racecar_plugins
[15.207s] -- Up-to-date symlink: /home/vishwam/iitb_racecar/install/racecar_plugins/share/racecar_plugins/cmake/ament_cmake_export_libraries-extras.cmake
[15.207s] -- Up-to-date symlink: /home/vishwam/iitb_racecar/install/racecar_plugins/share/racecar_plugins/cmake/racecar_pluginsConfig.cmake
[15.208s] -- Up-to-date symlink: /home/vishwam/iitb_racecar/install/racecar_plugins/share/racecar_plugins/cmake/racecar_pluginsConfig-version.cmake
[15.208s] -- Up-to-date symlink: /home/vishwam/iitb_racecar/install/racecar_plugins/share/racecar_plugins/package.xml
[15.210s] Invoked command in '/home/vishwam/iitb_racecar/build/racecar_plugins' returned '0': CMAKE_PREFIX_PATH=${CMAKE_PREFIX_PATH}:/opt/ros/humble:/home/vishwam/iitb_racecar/install/racecar /usr/bin/cmake --install /home/vishwam/iitb_racecar/build/racecar_plugins
