[0.136s] DEBUG:colcon:Command line arguments: ['/home/vishwam/.local/bin/colcon', 'build', '--symlink-install']
[0.136s] DEBUG:colcon:Parsed command line arguments: Namespace(log_base=None, log_level=None, verb_name='build', build_base='build', install_base='install', merge_install=False, symlink_install=True, test_result_base=None, continue_on_error=False, executor='parallel', parallel_workers=20, event_handlers=None, ignore_user_meta=False, metas=['./colcon.meta'], base_paths=['.'], packages_ignore=None, packages_ignore_regex=None, paths=None, packages_up_to=None, packages_up_to_regex=None, packages_above=None, packages_above_and_dependencies=None, packages_above_depth=None, packages_select_by_dep=None, packages_skip_by_dep=None, packages_skip_up_to=None, packages_select_build_failed=False, packages_skip_build_finished=False, packages_select_test_failures=False, packages_skip_test_passed=False, packages_select=None, packages_skip=None, packages_select_regex=None, packages_skip_regex=None, packages_start=None, packages_end=None, cmake_args=None, cmake_target=None, cmake_target_skip_unavailable=False, cmake_clean_cache=False, cmake_clean_first=False, cmake_force_configure=False, ament_cmake_args=None, catkin_cmake_args=None, catkin_skip_building_tests=False, verb_parser=<colcon_defaults.argument_parser.defaults.DefaultArgumentsDecorator object at 0x7475ab45e350>, verb_extension=<colcon_core.verb.build.BuildVerb object at 0x7475ab5dbc10>, main=<bound method BuildVerb.main of <colcon_core.verb.build.BuildVerb object at 0x7475ab5dbc10>>)
[0.306s] Level 1:colcon.colcon_core.package_discovery:discover_packages(colcon_meta) check parameters
[0.306s] Level 1:colcon.colcon_core.package_discovery:discover_packages(recursive) check parameters
[0.306s] Level 1:colcon.colcon_core.package_discovery:discover_packages(ignore) check parameters
[0.306s] Level 1:colcon.colcon_core.package_discovery:discover_packages(path) check parameters
[0.306s] Level 1:colcon.colcon_core.package_discovery:discover_packages(colcon_meta) discover
[0.306s] Level 1:colcon.colcon_core.package_discovery:discover_packages(recursive) discover
[0.306s] INFO:colcon.colcon_core.package_discovery:Crawling recursively for packages in '/home/vishwam/iitb_racecar'
[0.306s] Level 1:colcon.colcon_core.package_identification:_identify(.) by extensions ['ignore', 'ignore_ament_install']
[0.307s] Level 1:colcon.colcon_core.package_identification:_identify(.) by extension 'ignore'
[0.307s] Level 1:colcon.colcon_core.package_identification:_identify(.) by extension 'ignore_ament_install'
[0.307s] Level 1:colcon.colcon_core.package_identification:_identify(.) by extensions ['colcon_pkg']
[0.307s] Level 1:colcon.colcon_core.package_identification:_identify(.) by extension 'colcon_pkg'
[0.307s] Level 1:colcon.colcon_core.package_identification:_identify(.) by extensions ['colcon_meta']
[0.307s] Level 1:colcon.colcon_core.package_identification:_identify(.) by extension 'colcon_meta'
[0.307s] Level 1:colcon.colcon_core.package_identification:_identify(.) by extensions ['ros']
[0.307s] Level 1:colcon.colcon_core.package_identification:_identify(.) by extension 'ros'
[0.325s] Level 1:colcon.colcon_core.package_identification:_identify(.) by extensions ['cmake', 'python']
[0.325s] Level 1:colcon.colcon_core.package_identification:_identify(.) by extension 'cmake'
[0.325s] Level 1:colcon.colcon_core.package_identification:_identify(.) by extension 'python'
[0.325s] Level 1:colcon.colcon_core.package_identification:_identify(.) by extensions ['python_setup_py']
[0.325s] Level 1:colcon.colcon_core.package_identification:_identify(.) by extension 'python_setup_py'
[0.325s] Level 1:colcon.colcon_core.package_identification:_identify(build) by extensions ['ignore', 'ignore_ament_install']
[0.325s] Level 1:colcon.colcon_core.package_identification:_identify(build) by extension 'ignore'
[0.325s] Level 1:colcon.colcon_core.package_identification:_identify(build) ignored
[0.325s] Level 1:colcon.colcon_core.package_identification:_identify(install) by extensions ['ignore', 'ignore_ament_install']
[0.325s] Level 1:colcon.colcon_core.package_identification:_identify(install) by extension 'ignore'
[0.326s] Level 1:colcon.colcon_core.package_identification:_identify(install) ignored
[0.326s] Level 1:colcon.colcon_core.package_identification:_identify(log) by extensions ['ignore', 'ignore_ament_install']
[0.326s] Level 1:colcon.colcon_core.package_identification:_identify(log) by extension 'ignore'
[0.326s] Level 1:colcon.colcon_core.package_identification:_identify(log) ignored
[0.326s] Level 1:colcon.colcon_core.package_identification:_identify(src) by extensions ['ignore', 'ignore_ament_install']
[0.326s] Level 1:colcon.colcon_core.package_identification:_identify(src) by extension 'ignore'
[0.326s] Level 1:colcon.colcon_core.package_identification:_identify(src) by extension 'ignore_ament_install'
[0.326s] Level 1:colcon.colcon_core.package_identification:_identify(src) by extensions ['colcon_pkg']
[0.326s] Level 1:colcon.colcon_core.package_identification:_identify(src) by extension 'colcon_pkg'
[0.326s] Level 1:colcon.colcon_core.package_identification:_identify(src) by extensions ['colcon_meta']
[0.326s] Level 1:colcon.colcon_core.package_identification:_identify(src) by extension 'colcon_meta'
[0.326s] Level 1:colcon.colcon_core.package_identification:_identify(src) by extensions ['ros']
[0.326s] Level 1:colcon.colcon_core.package_identification:_identify(src) by extension 'ros'
[0.326s] Level 1:colcon.colcon_core.package_identification:_identify(src) by extensions ['cmake', 'python']
[0.326s] Level 1:colcon.colcon_core.package_identification:_identify(src) by extension 'cmake'
[0.326s] Level 1:colcon.colcon_core.package_identification:_identify(src) by extension 'python'
[0.326s] Level 1:colcon.colcon_core.package_identification:_identify(src) by extensions ['python_setup_py']
[0.326s] Level 1:colcon.colcon_core.package_identification:_identify(src) by extension 'python_setup_py'
[0.326s] Level 1:colcon.colcon_core.package_identification:_identify(src/racecar) by extensions ['ignore', 'ignore_ament_install']
[0.326s] Level 1:colcon.colcon_core.package_identification:_identify(src/racecar) by extension 'ignore'
[0.326s] Level 1:colcon.colcon_core.package_identification:_identify(src/racecar) by extension 'ignore_ament_install'
[0.326s] Level 1:colcon.colcon_core.package_identification:_identify(src/racecar) by extensions ['colcon_pkg']
[0.327s] Level 1:colcon.colcon_core.package_identification:_identify(src/racecar) by extension 'colcon_pkg'
[0.327s] Level 1:colcon.colcon_core.package_identification:_identify(src/racecar) by extensions ['colcon_meta']
[0.327s] Level 1:colcon.colcon_core.package_identification:_identify(src/racecar) by extension 'colcon_meta'
[0.327s] Level 1:colcon.colcon_core.package_identification:_identify(src/racecar) by extensions ['ros']
[0.327s] Level 1:colcon.colcon_core.package_identification:_identify(src/racecar) by extension 'ros'
[0.329s] DEBUG:colcon.colcon_core.package_identification:Package 'src/racecar' with type 'ros.ament_python' and name 'racecar'
[0.330s] Level 1:colcon.colcon_core.package_identification:_identify(src/racecar_description) by extensions ['ignore', 'ignore_ament_install']
[0.330s] Level 1:colcon.colcon_core.package_identification:_identify(src/racecar_description) by extension 'ignore'
[0.330s] Level 1:colcon.colcon_core.package_identification:_identify(src/racecar_description) by extension 'ignore_ament_install'
[0.330s] Level 1:colcon.colcon_core.package_identification:_identify(src/racecar_description) by extensions ['colcon_pkg']
[0.330s] Level 1:colcon.colcon_core.package_identification:_identify(src/racecar_description) by extension 'colcon_pkg'
[0.330s] Level 1:colcon.colcon_core.package_identification:_identify(src/racecar_description) by extensions ['colcon_meta']
[0.330s] Level 1:colcon.colcon_core.package_identification:_identify(src/racecar_description) by extension 'colcon_meta'
[0.330s] Level 1:colcon.colcon_core.package_identification:_identify(src/racecar_description) by extensions ['ros']
[0.330s] Level 1:colcon.colcon_core.package_identification:_identify(src/racecar_description) by extension 'ros'
[0.331s] DEBUG:colcon.colcon_core.package_identification:Package 'src/racecar_description' with type 'ros.ament_cmake' and name 'racecar_description'
[0.331s] Level 1:colcon.colcon_core.package_identification:_identify(src/racecar_plugins) by extensions ['ignore', 'ignore_ament_install']
[0.331s] Level 1:colcon.colcon_core.package_identification:_identify(src/racecar_plugins) by extension 'ignore'
[0.331s] Level 1:colcon.colcon_core.package_identification:_identify(src/racecar_plugins) by extension 'ignore_ament_install'
[0.331s] Level 1:colcon.colcon_core.package_identification:_identify(src/racecar_plugins) by extensions ['colcon_pkg']
[0.331s] Level 1:colcon.colcon_core.package_identification:_identify(src/racecar_plugins) by extension 'colcon_pkg'
[0.331s] Level 1:colcon.colcon_core.package_identification:_identify(src/racecar_plugins) by extensions ['colcon_meta']
[0.331s] Level 1:colcon.colcon_core.package_identification:_identify(src/racecar_plugins) by extension 'colcon_meta'
[0.331s] Level 1:colcon.colcon_core.package_identification:_identify(src/racecar_plugins) by extensions ['ros']
[0.331s] Level 1:colcon.colcon_core.package_identification:_identify(src/racecar_plugins) by extension 'ros'
[0.332s] DEBUG:colcon.colcon_core.package_identification:Package 'src/racecar_plugins' with type 'ros.ament_cmake' and name 'racecar_plugins'
[0.332s] Level 1:colcon.colcon_core.package_discovery:discover_packages(recursive) using defaults
[0.332s] Level 1:colcon.colcon_core.package_discovery:discover_packages(ignore) discover
[0.332s] Level 1:colcon.colcon_core.package_discovery:discover_packages(ignore) using defaults
[0.332s] Level 1:colcon.colcon_core.package_discovery:discover_packages(path) discover
[0.332s] Level 1:colcon.colcon_core.package_discovery:discover_packages(path) using defaults
[0.353s] Level 5:colcon.colcon_core.verb:set package 'racecar_description' build argument 'cmake_args' from command line to 'None'
[0.353s] Level 5:colcon.colcon_core.verb:set package 'racecar_description' build argument 'cmake_target' from command line to 'None'
[0.353s] Level 5:colcon.colcon_core.verb:set package 'racecar_description' build argument 'cmake_target_skip_unavailable' from command line to 'False'
[0.353s] Level 5:colcon.colcon_core.verb:set package 'racecar_description' build argument 'cmake_clean_cache' from command line to 'False'
[0.353s] Level 5:colcon.colcon_core.verb:set package 'racecar_description' build argument 'cmake_clean_first' from command line to 'False'
[0.353s] Level 5:colcon.colcon_core.verb:set package 'racecar_description' build argument 'cmake_force_configure' from command line to 'False'
[0.353s] Level 5:colcon.colcon_core.verb:set package 'racecar_description' build argument 'ament_cmake_args' from command line to 'None'
[0.353s] Level 5:colcon.colcon_core.verb:set package 'racecar_description' build argument 'catkin_cmake_args' from command line to 'None'
[0.353s] Level 5:colcon.colcon_core.verb:set package 'racecar_description' build argument 'catkin_skip_building_tests' from command line to 'False'
[0.353s] DEBUG:colcon.colcon_core.verb:Building package 'racecar_description' with the following arguments: {'ament_cmake_args': None, 'build_base': '/home/vishwam/iitb_racecar/build/racecar_description', 'catkin_cmake_args': None, 'catkin_skip_building_tests': False, 'cmake_args': None, 'cmake_clean_cache': False, 'cmake_clean_first': False, 'cmake_force_configure': False, 'cmake_target': None, 'cmake_target_skip_unavailable': False, 'install_base': '/home/vishwam/iitb_racecar/install/racecar_description', 'merge_install': False, 'path': '/home/vishwam/iitb_racecar/src/racecar_description', 'symlink_install': True, 'test_result_base': None}
[0.354s] Level 5:colcon.colcon_core.verb:set package 'racecar_plugins' build argument 'cmake_args' from command line to 'None'
[0.354s] Level 5:colcon.colcon_core.verb:set package 'racecar_plugins' build argument 'cmake_target' from command line to 'None'
[0.354s] Level 5:colcon.colcon_core.verb:set package 'racecar_plugins' build argument 'cmake_target_skip_unavailable' from command line to 'False'
[0.354s] Level 5:colcon.colcon_core.verb:set package 'racecar_plugins' build argument 'cmake_clean_cache' from command line to 'False'
[0.354s] Level 5:colcon.colcon_core.verb:set package 'racecar_plugins' build argument 'cmake_clean_first' from command line to 'False'
[0.354s] Level 5:colcon.colcon_core.verb:set package 'racecar_plugins' build argument 'cmake_force_configure' from command line to 'False'
[0.354s] Level 5:colcon.colcon_core.verb:set package 'racecar_plugins' build argument 'ament_cmake_args' from command line to 'None'
[0.354s] Level 5:colcon.colcon_core.verb:set package 'racecar_plugins' build argument 'catkin_cmake_args' from command line to 'None'
[0.354s] Level 5:colcon.colcon_core.verb:set package 'racecar_plugins' build argument 'catkin_skip_building_tests' from command line to 'False'
[0.354s] DEBUG:colcon.colcon_core.verb:Building package 'racecar_plugins' with the following arguments: {'ament_cmake_args': None, 'build_base': '/home/vishwam/iitb_racecar/build/racecar_plugins', 'catkin_cmake_args': None, 'catkin_skip_building_tests': False, 'cmake_args': None, 'cmake_clean_cache': False, 'cmake_clean_first': False, 'cmake_force_configure': False, 'cmake_target': None, 'cmake_target_skip_unavailable': False, 'install_base': '/home/vishwam/iitb_racecar/install/racecar_plugins', 'merge_install': False, 'path': '/home/vishwam/iitb_racecar/src/racecar_plugins', 'symlink_install': True, 'test_result_base': None}
[0.354s] Level 5:colcon.colcon_core.verb:set package 'racecar' build argument 'cmake_args' from command line to 'None'
[0.354s] Level 5:colcon.colcon_core.verb:set package 'racecar' build argument 'cmake_target' from command line to 'None'
[0.354s] Level 5:colcon.colcon_core.verb:set package 'racecar' build argument 'cmake_target_skip_unavailable' from command line to 'False'
[0.354s] Level 5:colcon.colcon_core.verb:set package 'racecar' build argument 'cmake_clean_cache' from command line to 'False'
[0.354s] Level 5:colcon.colcon_core.verb:set package 'racecar' build argument 'cmake_clean_first' from command line to 'False'
[0.354s] Level 5:colcon.colcon_core.verb:set package 'racecar' build argument 'cmake_force_configure' from command line to 'False'
[0.354s] Level 5:colcon.colcon_core.verb:set package 'racecar' build argument 'ament_cmake_args' from command line to 'None'
[0.354s] Level 5:colcon.colcon_core.verb:set package 'racecar' build argument 'catkin_cmake_args' from command line to 'None'
[0.354s] Level 5:colcon.colcon_core.verb:set package 'racecar' build argument 'catkin_skip_building_tests' from command line to 'False'
[0.354s] DEBUG:colcon.colcon_core.verb:Building package 'racecar' with the following arguments: {'ament_cmake_args': None, 'build_base': '/home/vishwam/iitb_racecar/build/racecar', 'catkin_cmake_args': None, 'catkin_skip_building_tests': False, 'cmake_args': None, 'cmake_clean_cache': False, 'cmake_clean_first': False, 'cmake_force_configure': False, 'cmake_target': None, 'cmake_target_skip_unavailable': False, 'install_base': '/home/vishwam/iitb_racecar/install/racecar', 'merge_install': False, 'path': '/home/vishwam/iitb_racecar/src/racecar', 'symlink_install': True, 'test_result_base': None}
[0.354s] INFO:colcon.colcon_core.executor:Executing jobs using 'parallel' executor
[0.355s] DEBUG:colcon.colcon_parallel_executor.executor.parallel:run_until_complete
[0.356s] INFO:colcon.colcon_ros.task.ament_cmake.build:Building ROS package in '/home/vishwam/iitb_racecar/src/racecar_description' with build type 'ament_cmake'
[0.356s] INFO:colcon.colcon_cmake.task.cmake.build:Building CMake package in '/home/vishwam/iitb_racecar/src/racecar_description'
[0.358s] INFO:colcon.colcon_core.plugin_system:Skipping extension 'colcon_core.shell.bat': Not used on non-Windows systems
[0.358s] INFO:colcon.colcon_core.shell:Skip shell extension 'powershell' for command environment: Not usable outside of PowerShell
[0.358s] DEBUG:colcon.colcon_core.shell:Skip shell extension 'dsv' for command environment
[0.362s] INFO:colcon.colcon_ros.task.ament_cmake.build:Building ROS package in '/home/vishwam/iitb_racecar/src/racecar_plugins' with build type 'ament_cmake'
[0.363s] INFO:colcon.colcon_cmake.task.cmake.build:Building CMake package in '/home/vishwam/iitb_racecar/src/racecar_plugins'
[0.363s] INFO:colcon.colcon_core.shell:Skip shell extension 'powershell' for command environment: Not usable outside of PowerShell
[0.363s] DEBUG:colcon.colcon_core.shell:Skip shell extension 'dsv' for command environment
[0.372s] DEBUG:colcon.colcon_core.event_handler.log_command:Invoking command in '/home/vishwam/iitb_racecar/build/racecar_description': CMAKE_PREFIX_PATH=${CMAKE_PREFIX_PATH}:/opt/ros/humble:/home/vishwam/iitb_racecar/install/racecar /usr/bin/cmake --build /home/vishwam/iitb_racecar/build/racecar_description -- -j20 -l20
[0.376s] DEBUG:colcon.colcon_core.event_handler.log_command:Invoking command in '/home/vishwam/iitb_racecar/build/racecar_plugins': CMAKE_PREFIX_PATH=${CMAKE_PREFIX_PATH}:/opt/ros/humble:/home/vishwam/iitb_racecar/install/racecar /usr/bin/cmake --build /home/vishwam/iitb_racecar/build/racecar_plugins -- -j20 -l20
[0.416s] DEBUG:colcon.colcon_core.event_handler.log_command:Invoked command in '/home/vishwam/iitb_racecar/build/racecar_description' returned '0': CMAKE_PREFIX_PATH=${CMAKE_PREFIX_PATH}:/opt/ros/humble:/home/vishwam/iitb_racecar/install/racecar /usr/bin/cmake --build /home/vishwam/iitb_racecar/build/racecar_description -- -j20 -l20
[0.454s] DEBUG:colcon.colcon_core.event_handler.log_command:Invoking command in '/home/vishwam/iitb_racecar/build/racecar_description': CMAKE_PREFIX_PATH=${CMAKE_PREFIX_PATH}:/opt/ros/humble:/home/vishwam/iitb_racecar/install/racecar /usr/bin/cmake --install /home/vishwam/iitb_racecar/build/racecar_description
[0.483s] Level 1:colcon.colcon_core.environment:create_environment_scripts_only(racecar_description)
[0.485s] DEBUG:colcon.colcon_core.event_handler.log_command:Invoked command in '/home/vishwam/iitb_racecar/build/racecar_description' returned '0': CMAKE_PREFIX_PATH=${CMAKE_PREFIX_PATH}:/opt/ros/humble:/home/vishwam/iitb_racecar/install/racecar /usr/bin/cmake --install /home/vishwam/iitb_racecar/build/racecar_description
[0.487s] Level 1:colcon.colcon_core.environment:checking '/home/vishwam/iitb_racecar/install/racecar_description' for CMake module files
[0.488s] Level 1:colcon.colcon_core.environment:checking '/home/vishwam/iitb_racecar/install/racecar_description' for CMake config files
[0.488s] Level 1:colcon.colcon_core.shell:create_environment_hook('racecar_description', 'cmake_prefix_path')
[0.489s] INFO:colcon.colcon_core.shell:Creating environment hook '/home/vishwam/iitb_racecar/install/racecar_description/share/racecar_description/hook/cmake_prefix_path.ps1'
[0.490s] INFO:colcon.colcon_core.shell:Creating environment descriptor '/home/vishwam/iitb_racecar/install/racecar_description/share/racecar_description/hook/cmake_prefix_path.dsv'
[0.492s] INFO:colcon.colcon_core.shell:Creating environment hook '/home/vishwam/iitb_racecar/install/racecar_description/share/racecar_description/hook/cmake_prefix_path.sh'
[0.494s] Level 1:colcon.colcon_core.environment:checking '/home/vishwam/iitb_racecar/install/racecar_description/bin'
[0.495s] Level 1:colcon.colcon_core.environment:checking '/home/vishwam/iitb_racecar/install/racecar_description/lib/pkgconfig/racecar_description.pc'
[0.496s] Level 1:colcon.colcon_core.environment:checking '/home/vishwam/iitb_racecar/install/racecar_description/lib/python3.10/site-packages'
[0.496s] Level 1:colcon.colcon_core.environment:checking '/home/vishwam/iitb_racecar/install/racecar_description/bin'
[0.496s] INFO:colcon.colcon_core.shell:Creating package script '/home/vishwam/iitb_racecar/install/racecar_description/share/racecar_description/package.ps1'
[0.497s] INFO:colcon.colcon_core.shell:Creating package descriptor '/home/vishwam/iitb_racecar/install/racecar_description/share/racecar_description/package.dsv'
[0.498s] INFO:colcon.colcon_core.shell:Creating package script '/home/vishwam/iitb_racecar/install/racecar_description/share/racecar_description/package.sh'
[0.499s] INFO:colcon.colcon_core.shell:Creating package script '/home/vishwam/iitb_racecar/install/racecar_description/share/racecar_description/package.bash'
[0.499s] INFO:colcon.colcon_core.shell:Creating package script '/home/vishwam/iitb_racecar/install/racecar_description/share/racecar_description/package.zsh'
[0.500s] Level 1:colcon.colcon_core.environment:create_file_with_runtime_dependencies(/home/vishwam/iitb_racecar/install/racecar_description/share/colcon-core/packages/racecar_description)
[0.528s] Level 1:colcon.colcon_core.environment:create_environment_scripts_only(racecar_description)
[0.529s] Level 1:colcon.colcon_core.environment:checking '/home/vishwam/iitb_racecar/install/racecar_description' for CMake module files
[0.529s] Level 1:colcon.colcon_core.environment:checking '/home/vishwam/iitb_racecar/install/racecar_description' for CMake config files
[0.530s] Level 1:colcon.colcon_core.shell:create_environment_hook('racecar_description', 'cmake_prefix_path')
[0.530s] INFO:colcon.colcon_core.shell:Creating environment hook '/home/vishwam/iitb_racecar/install/racecar_description/share/racecar_description/hook/cmake_prefix_path.ps1'
[0.531s] INFO:colcon.colcon_core.shell:Creating environment descriptor '/home/vishwam/iitb_racecar/install/racecar_description/share/racecar_description/hook/cmake_prefix_path.dsv'
[0.531s] INFO:colcon.colcon_core.shell:Creating environment hook '/home/vishwam/iitb_racecar/install/racecar_description/share/racecar_description/hook/cmake_prefix_path.sh'
[0.531s] Level 1:colcon.colcon_core.environment:checking '/home/vishwam/iitb_racecar/install/racecar_description/bin'
[0.532s] Level 1:colcon.colcon_core.environment:checking '/home/vishwam/iitb_racecar/install/racecar_description/lib/pkgconfig/racecar_description.pc'
[0.532s] Level 1:colcon.colcon_core.environment:checking '/home/vishwam/iitb_racecar/install/racecar_description/lib/python3.10/site-packages'
[0.532s] Level 1:colcon.colcon_core.environment:checking '/home/vishwam/iitb_racecar/install/racecar_description/bin'
[0.532s] INFO:colcon.colcon_core.shell:Creating package script '/home/vishwam/iitb_racecar/install/racecar_description/share/racecar_description/package.ps1'
[0.533s] INFO:colcon.colcon_core.shell:Creating package descriptor '/home/vishwam/iitb_racecar/install/racecar_description/share/racecar_description/package.dsv'
[0.534s] INFO:colcon.colcon_core.shell:Creating package script '/home/vishwam/iitb_racecar/install/racecar_description/share/racecar_description/package.sh'
[0.534s] INFO:colcon.colcon_core.shell:Creating package script '/home/vishwam/iitb_racecar/install/racecar_description/share/racecar_description/package.bash'
[0.534s] INFO:colcon.colcon_core.shell:Creating package script '/home/vishwam/iitb_racecar/install/racecar_description/share/racecar_description/package.zsh'
[0.535s] Level 1:colcon.colcon_core.environment:create_file_with_runtime_dependencies(/home/vishwam/iitb_racecar/install/racecar_description/share/colcon-core/packages/racecar_description)
[0.535s] INFO:colcon.colcon_ros.task.ament_python.build:Building ROS package in '/home/vishwam/iitb_racecar/src/racecar' with build type 'ament_python'
[0.535s] Level 1:colcon.colcon_core.shell:create_environment_hook('racecar', 'ament_prefix_path')
[0.536s] INFO:colcon.colcon_core.shell:Creating environment hook '/home/vishwam/iitb_racecar/install/racecar/share/racecar/hook/ament_prefix_path.ps1'
[0.537s] INFO:colcon.colcon_core.shell:Creating environment descriptor '/home/vishwam/iitb_racecar/install/racecar/share/racecar/hook/ament_prefix_path.dsv'
[0.537s] INFO:colcon.colcon_core.shell:Creating environment hook '/home/vishwam/iitb_racecar/install/racecar/share/racecar/hook/ament_prefix_path.sh'
[0.538s] INFO:colcon.colcon_core.shell:Skip shell extension 'powershell' for command environment: Not usable outside of PowerShell
[0.538s] DEBUG:colcon.colcon_core.shell:Skip shell extension 'dsv' for command environment
[0.924s] INFO:colcon.colcon_core.task.python.build:Building Python package in '/home/vishwam/iitb_racecar/src/racecar'
[0.925s] INFO:colcon.colcon_core.shell:Skip shell extension 'powershell' for command environment: Not usable outside of PowerShell
[0.925s] DEBUG:colcon.colcon_core.shell:Skip shell extension 'dsv' for command environment
[1.499s] DEBUG:colcon.colcon_core.event_handler.log_command:Invoking command in '/home/vishwam/iitb_racecar/build/racecar': CMAKE_PREFIX_PATH=/home/vishwam/iitb_racecar/install/racecar_description:/home/vishwam/iitb_racecar/install/racecar_plugins PYTHONPATH=/home/vishwam/iitb_racecar/build/racecar/prefix_override:/home/vishwam/.local/lib/python3.10/site-packages/colcon_core/task/python/colcon_distutils_commands:/home/vishwam/iitb_racecar/install/racecar/lib/python3.10/site-packages:${PYTHONPATH} /usr/bin/python3 -W ignore:setup.py install is deprecated setup.py develop --editable --build-directory /home/vishwam/iitb_racecar/build/racecar/build --no-deps symlink_data
[2.227s] Level 1:colcon.colcon_core.shell:create_environment_hook('racecar', 'pythonpath_develop')
[2.227s] INFO:colcon.colcon_core.shell:Creating environment hook '/home/vishwam/iitb_racecar/build/racecar/share/racecar/hook/pythonpath_develop.ps1'
[2.228s] DEBUG:colcon.colcon_core.event_handler.log_command:Invoked command in '/home/vishwam/iitb_racecar/build/racecar' returned '0': CMAKE_PREFIX_PATH=/home/vishwam/iitb_racecar/install/racecar_description:/home/vishwam/iitb_racecar/install/racecar_plugins PYTHONPATH=/home/vishwam/iitb_racecar/build/racecar/prefix_override:/home/vishwam/.local/lib/python3.10/site-packages/colcon_core/task/python/colcon_distutils_commands:/home/vishwam/iitb_racecar/install/racecar/lib/python3.10/site-packages:${PYTHONPATH} /usr/bin/python3 -W ignore:setup.py install is deprecated setup.py develop --editable --build-directory /home/vishwam/iitb_racecar/build/racecar/build --no-deps symlink_data
[2.229s] INFO:colcon.colcon_core.shell:Creating environment descriptor '/home/vishwam/iitb_racecar/build/racecar/share/racecar/hook/pythonpath_develop.dsv'
[2.229s] INFO:colcon.colcon_core.shell:Creating environment hook '/home/vishwam/iitb_racecar/build/racecar/share/racecar/hook/pythonpath_develop.sh'
[2.230s] Level 1:colcon.colcon_core.environment:checking '/home/vishwam/iitb_racecar/install/racecar' for CMake module files
[2.231s] Level 1:colcon.colcon_core.environment:checking '/home/vishwam/iitb_racecar/install/racecar' for CMake config files
[2.232s] Level 1:colcon.colcon_core.environment:checking '/home/vishwam/iitb_racecar/install/racecar/lib'
[2.232s] Level 1:colcon.colcon_core.environment:checking '/home/vishwam/iitb_racecar/install/racecar/bin'
[2.232s] Level 1:colcon.colcon_core.environment:checking '/home/vishwam/iitb_racecar/install/racecar/lib/pkgconfig/racecar.pc'
[2.232s] Level 1:colcon.colcon_core.environment:checking '/home/vishwam/iitb_racecar/install/racecar/lib/python3.10/site-packages'
[2.233s] Level 1:colcon.colcon_core.shell:create_environment_hook('racecar', 'pythonpath')
[2.233s] INFO:colcon.colcon_core.shell:Creating environment hook '/home/vishwam/iitb_racecar/install/racecar/share/racecar/hook/pythonpath.ps1'
[2.233s] INFO:colcon.colcon_core.shell:Creating environment descriptor '/home/vishwam/iitb_racecar/install/racecar/share/racecar/hook/pythonpath.dsv'
[2.234s] INFO:colcon.colcon_core.shell:Creating environment hook '/home/vishwam/iitb_racecar/install/racecar/share/racecar/hook/pythonpath.sh'
[2.235s] Level 1:colcon.colcon_core.environment:checking '/home/vishwam/iitb_racecar/install/racecar/bin'
[2.235s] Level 1:colcon.colcon_core.environment:create_environment_scripts_only(racecar)
[2.235s] INFO:colcon.colcon_core.shell:Creating package script '/home/vishwam/iitb_racecar/install/racecar/share/racecar/package.ps1'
[2.236s] INFO:colcon.colcon_core.shell:Creating package descriptor '/home/vishwam/iitb_racecar/install/racecar/share/racecar/package.dsv'
[2.237s] INFO:colcon.colcon_core.shell:Creating package script '/home/vishwam/iitb_racecar/install/racecar/share/racecar/package.sh'
[2.237s] INFO:colcon.colcon_core.shell:Creating package script '/home/vishwam/iitb_racecar/install/racecar/share/racecar/package.bash'
[2.237s] INFO:colcon.colcon_core.shell:Creating package script '/home/vishwam/iitb_racecar/install/racecar/share/racecar/package.zsh'
[2.238s] Level 1:colcon.colcon_core.environment:create_file_with_runtime_dependencies(/home/vishwam/iitb_racecar/install/racecar/share/colcon-core/packages/racecar)
[15.592s] DEBUG:colcon.colcon_core.event_handler.log_command:Invoked command in '/home/vishwam/iitb_racecar/build/racecar_plugins' returned '2': CMAKE_PREFIX_PATH=${CMAKE_PREFIX_PATH}:/opt/ros/humble:/home/vishwam/iitb_racecar/install/racecar /usr/bin/cmake --build /home/vishwam/iitb_racecar/build/racecar_plugins -- -j20 -l20
[15.622s] Level 1:colcon.colcon_core.environment:create_environment_scripts_only(racecar_plugins)
[15.622s] Level 1:colcon.colcon_core.environment:checking '/home/vishwam/iitb_racecar/install/racecar_plugins' for CMake module files
[15.623s] Level 1:colcon.colcon_core.environment:checking '/home/vishwam/iitb_racecar/install/racecar_plugins' for CMake config files
[15.623s] Level 1:colcon.colcon_core.shell:create_environment_hook('racecar_plugins', 'cmake_prefix_path')
[15.623s] INFO:colcon.colcon_core.shell:Creating environment hook '/home/vishwam/iitb_racecar/install/racecar_plugins/share/racecar_plugins/hook/cmake_prefix_path.ps1'
[15.624s] INFO:colcon.colcon_core.shell:Creating environment descriptor '/home/vishwam/iitb_racecar/install/racecar_plugins/share/racecar_plugins/hook/cmake_prefix_path.dsv'
[15.624s] INFO:colcon.colcon_core.shell:Creating environment hook '/home/vishwam/iitb_racecar/install/racecar_plugins/share/racecar_plugins/hook/cmake_prefix_path.sh'
[15.625s] Level 1:colcon.colcon_core.environment:checking '/home/vishwam/iitb_racecar/install/racecar_plugins/lib'
[15.625s] Level 1:colcon.colcon_core.shell:create_environment_hook('racecar_plugins', 'ld_library_path_lib')
[15.625s] INFO:colcon.colcon_core.shell:Creating environment hook '/home/vishwam/iitb_racecar/install/racecar_plugins/share/racecar_plugins/hook/ld_library_path_lib.ps1'
[15.625s] INFO:colcon.colcon_core.shell:Creating environment descriptor '/home/vishwam/iitb_racecar/install/racecar_plugins/share/racecar_plugins/hook/ld_library_path_lib.dsv'
[15.625s] INFO:colcon.colcon_core.shell:Creating environment hook '/home/vishwam/iitb_racecar/install/racecar_plugins/share/racecar_plugins/hook/ld_library_path_lib.sh'
[15.626s] Level 1:colcon.colcon_core.environment:checking '/home/vishwam/iitb_racecar/install/racecar_plugins/bin'
[15.626s] Level 1:colcon.colcon_core.environment:checking '/home/vishwam/iitb_racecar/install/racecar_plugins/lib/pkgconfig/racecar_plugins.pc'
[15.626s] Level 1:colcon.colcon_core.environment:checking '/home/vishwam/iitb_racecar/install/racecar_plugins/lib/python3.10/site-packages'
[15.626s] Level 1:colcon.colcon_core.environment:checking '/home/vishwam/iitb_racecar/install/racecar_plugins/bin'
[15.626s] INFO:colcon.colcon_core.shell:Creating package script '/home/vishwam/iitb_racecar/install/racecar_plugins/share/racecar_plugins/package.ps1'
[15.627s] INFO:colcon.colcon_core.shell:Creating package descriptor '/home/vishwam/iitb_racecar/install/racecar_plugins/share/racecar_plugins/package.dsv'
[15.627s] INFO:colcon.colcon_core.shell:Creating package script '/home/vishwam/iitb_racecar/install/racecar_plugins/share/racecar_plugins/package.sh'
[15.628s] INFO:colcon.colcon_core.shell:Creating package script '/home/vishwam/iitb_racecar/install/racecar_plugins/share/racecar_plugins/package.bash'
[15.629s] INFO:colcon.colcon_core.shell:Creating package script '/home/vishwam/iitb_racecar/install/racecar_plugins/share/racecar_plugins/package.zsh'
[15.629s] Level 1:colcon.colcon_core.environment:create_file_with_runtime_dependencies(/home/vishwam/iitb_racecar/install/racecar_plugins/share/colcon-core/packages/racecar_plugins)
[15.639s] DEBUG:colcon.colcon_parallel_executor.executor.parallel:closing loop
[15.640s] DEBUG:colcon.colcon_parallel_executor.executor.parallel:loop closed
[15.640s] DEBUG:colcon.colcon_parallel_executor.executor.parallel:run_until_complete finished with '2'
[15.640s] DEBUG:colcon.colcon_core.event_reactor:joining thread
[15.647s] INFO:colcon.colcon_core.plugin_system:Skipping extension 'colcon_notification.desktop_notification.terminal_notifier': Not used on non-Darwin systems
[15.647s] INFO:colcon.colcon_core.plugin_system:Skipping extension 'colcon_notification.desktop_notification.win32': Not used on non-Windows systems
[15.647s] INFO:colcon.colcon_notification.desktop_notification:Sending desktop notification using 'notify2'
[15.663s] DEBUG:colcon.colcon_core.event_reactor:joined thread
[15.663s] INFO:colcon.colcon_core.shell:Creating prefix script '/home/vishwam/iitb_racecar/install/local_setup.ps1'
[15.664s] INFO:colcon.colcon_core.shell:Creating prefix util module '/home/vishwam/iitb_racecar/install/_local_setup_util_ps1.py'
[15.665s] INFO:colcon.colcon_core.shell:Creating prefix chain script '/home/vishwam/iitb_racecar/install/setup.ps1'
[15.666s] INFO:colcon.colcon_core.shell:Creating prefix script '/home/vishwam/iitb_racecar/install/local_setup.sh'
[15.667s] INFO:colcon.colcon_core.shell:Creating prefix util module '/home/vishwam/iitb_racecar/install/_local_setup_util_sh.py'
[15.667s] INFO:colcon.colcon_core.shell:Creating prefix chain script '/home/vishwam/iitb_racecar/install/setup.sh'
[15.668s] INFO:colcon.colcon_core.shell:Creating prefix script '/home/vishwam/iitb_racecar/install/local_setup.bash'
[15.669s] INFO:colcon.colcon_core.shell:Creating prefix chain script '/home/vishwam/iitb_racecar/install/setup.bash'
[15.670s] INFO:colcon.colcon_core.shell:Creating prefix script '/home/vishwam/iitb_racecar/install/local_setup.zsh'
[15.670s] INFO:colcon.colcon_core.shell:Creating prefix chain script '/home/vishwam/iitb_racecar/install/setup.zsh'
