[0.005s] Invoking command in '/home/vishwam/iitb_racecar/build/racecar_plugins': CMAKE_PREFIX_PATH=${CMAKE_PREFIX_PATH}:/opt/ros/humble:/home/vishwam/iitb_racecar/install/racecar /usr/bin/cmake /home/vishwam/iitb_racecar/src/racecar_plugins -DAMENT_CMAKE_SYMLINK_INSTALL=1 -DCMAKE_INSTALL_PREFIX=/home/vishwam/iitb_racecar/install/racecar_plugins
[0.046s] -- The C compiler identification is GNU 11.4.0
[0.116s] -- The CXX compiler identification is GNU 11.4.0
[0.126s] -- Detecting C compiler ABI info
[0.211s] -- Detecting C compiler ABI info - done
[0.221s] -- Check for working C compiler: /usr/bin/cc - skipped
[0.221s] -- Detecting C compile features
[0.222s] -- Detecting C compile features - done
[0.226s] -- Detecting CXX compiler ABI info
[0.324s] -- Detecting CXX compiler ABI info - done
[0.335s] -- Check for working CXX compiler: /usr/bin/c++ - skipped
[0.335s] -- Detecting CXX compile features
[0.337s] -- Detecting CXX compile features - done
[0.339s] -- Found ament_cmake: 1.3.11 (/opt/ros/humble/share/ament_cmake/cmake)
[0.539s] -- Found Python3: /usr/bin/python3 (found version "3.10.12") found components: Interpreter 
[0.619s] -- Override CMake install command with custom implementation using symlinks instead of copying resources
[0.644s] -- Found gazebo_ros: 3.9.0 (/opt/ros/humble/share/gazebo_ros/cmake)
[0.697s] -- Found rosidl_generator_c: 3.1.6 (/opt/ros/humble/share/rosidl_generator_c/cmake)
[0.703s] -- Found rosidl_adapter: 3.1.6 (/opt/ros/humble/share/rosidl_adapter/cmake)
[0.713s] -- Found rosidl_generator_cpp: 3.1.6 (/opt/ros/humble/share/rosidl_generator_cpp/cmake)
[0.726s] -- Using all available rosidl_typesupport_c: rosidl_typesupport_fastrtps_c;rosidl_typesupport_introspection_c
[0.740s] -- Using all available rosidl_typesupport_cpp: rosidl_typesupport_fastrtps_cpp;rosidl_typesupport_introspection_cpp
[0.763s] -- Found rmw_implementation_cmake: 6.1.2 (/opt/ros/humble/share/rmw_implementation_cmake/cmake)
[0.764s] -- Found rmw_fastrtps_cpp: 6.2.7 (/opt/ros/humble/share/rmw_fastrtps_cpp/cmake)
[0.818s] -- Found OpenSSL: /usr/lib/x86_64-linux-gnu/libcrypto.so (found version "3.0.2")  
[0.858s] -- Found FastRTPS: /opt/ros/humble/include  
[0.912s] -- Using RMW implementation 'rmw_fastrtps_cpp' as default
[0.923s] -- Looking for pthread.h
[1.013s] -- Looking for pthread.h - found
[1.013s] -- Performing Test CMAKE_HAVE_LIBC_PTHREAD
[1.114s] -- Performing Test CMAKE_HAVE_LIBC_PTHREAD - Success
[1.115s] -- Found Threads: TRUE  
[1.196s] -- Found PkgConfig: /usr/bin/pkg-config (found version "0.29.2") 
[1.196s] -- Checking for module 'bullet>=2.82'
[1.212s] --   Found bullet, version 3.05
[1.349s] -- Found fcl: /usr/include (found suitable version "0.7.0", minimum required is "0.5.0") 
[1.411s] -- Found assimp: /usr/include (found version "5.2.0") 
[1.437s] -- Found DART: /usr/include (Required is at least version "6.6") found components: dart 
[1.472s] -- Found Boost: /usr/lib/x86_64-linux-gnu/cmake/Boost-1.74.0/BoostConfig.cmake (found suitable version "1.74.0", minimum required is "1.40.0") found components: thread system filesystem program_options regex iostreams date_time 
[1.490s] -- Found Protobuf: /usr/lib/x86_64-linux-gnu/libprotobuf.so (found version "3.12.4") 
[1.496s] -- Looking for ignition-math6 -- found version 6.15.1
[1.504s] -- Searching for dependencies of ignition-math6
[1.505s] -- Looking for OGRE...
[1.506s] -- OGRE_PREFIX_WATCH changed.
[1.511s] -- Checking for module 'OGRE'
[1.521s] --   Found OGRE, version 1.9.0
[1.539s] -- Found Ogre Ghadamon (1.9.0)
[1.542s] -- Found OGRE: optimized;/usr/lib/x86_64-linux-gnu/libOgreMain.so;debug;/usr/lib/x86_64-linux-gnu/libOgreMain.so
[1.548s] -- Looking for OGRE_Paging...
[1.551s] -- Found OGRE_Paging: optimized;/usr/lib/x86_64-linux-gnu/libOgrePaging.so;debug;/usr/lib/x86_64-linux-gnu/libOgrePaging.so
[1.551s] -- Looking for OGRE_Terrain...
[1.554s] -- Found OGRE_Terrain: optimized;/usr/lib/x86_64-linux-gnu/libOgreTerrain.so;debug;/usr/lib/x86_64-linux-gnu/libOgreTerrain.so
[1.554s] -- Looking for OGRE_Property...
[1.556s] -- Found OGRE_Property: optimized;/usr/lib/x86_64-linux-gnu/libOgreProperty.so;debug;/usr/lib/x86_64-linux-gnu/libOgreProperty.so
[1.556s] -- Looking for OGRE_RTShaderSystem...
[1.559s] -- Found OGRE_RTShaderSystem: optimized;/usr/lib/x86_64-linux-gnu/libOgreRTShaderSystem.so;debug;/usr/lib/x86_64-linux-gnu/libOgreRTShaderSystem.so
[1.559s] -- Looking for OGRE_Volume...
[1.561s] -- Found OGRE_Volume: optimized;/usr/lib/x86_64-linux-gnu/libOgreVolume.so;debug;/usr/lib/x86_64-linux-gnu/libOgreVolume.so
[1.561s] -- Looking for OGRE_Overlay...
[1.564s] -- Found OGRE_Overlay: optimized;/usr/lib/x86_64-linux-gnu/libOgreOverlay.so;debug;/usr/lib/x86_64-linux-gnu/libOgreOverlay.so
[1.627s] -- Looking for ignition-math6 -- found version 6.15.1
[1.628s] -- Looking for ignition-transport8 -- found version 8.2.1
[1.629s] -- Searching for dependencies of ignition-transport8
[1.638s] -- Found Protobuf: /usr/lib/x86_64-linux-gnu/libprotobuf.so (found suitable version "3.12.4", minimum required is "3") 
[1.644s] -- Config-file not installed for ZeroMQ -- checking for pkg-config
[1.648s] -- Checking for module 'libzmq >= 4'
[1.657s] --   Found libzmq , version 4.3.4
[1.684s] -- Found ZeroMQ: TRUE (Required is at least version "4") 
[1.688s] -- Checking for module 'uuid'
[1.694s] --   Found uuid, version 2.37.2
[1.712s] -- Found UUID: TRUE  
[1.713s] -- Looking for ignition-msgs5 -- found version 5.8.1
[1.713s] -- Searching for dependencies of ignition-msgs5
[1.723s] -- Looking for ignition-math6 -- found version 6.15.1
[1.726s] -- Checking for module 'tinyxml2'
[1.733s] --   Found tinyxml2, version 9.0.0
[1.750s] -- Looking for ignition-msgs5 -- found version 5.8.1
[1.752s] -- Looking for ignition-common3 -- found version 3.14.0
[1.752s] -- Searching for dependencies of ignition-common3
[1.752s] -- Looking for dlfcn.h - found
[1.752s] -- Looking for libdl - found
[1.753s] -- Found DL: TRUE  
[1.759s] -- Found tinyobjloader: /usr/lib/x86_64-linux-gnu/cmake/tinyobjloader/tinyobjloader-config.cmake (found version "2.0.0") 
[1.760s] -- Searching for <ignition-common3> component [graphics]
[1.761s] -- Looking for ignition-common3-graphics -- found version 3.14.0
[1.761s] -- Searching for dependencies of ignition-common3-graphics
[1.761s] -- Looking for ignition-math6 -- found version 6.15.1
[1.763s] -- Looking for ignition-fuel_tools4 -- found version 4.4.0
[1.763s] -- Searching for dependencies of ignition-fuel_tools4
[1.803s] -- Found CURL: /usr/lib/x86_64-linux-gnu/libcurl.so (found version "7.81.0")  
[1.808s] -- Checking for module 'jsoncpp'
[1.815s] --   Found jsoncpp, version 1.9.5
[1.841s] -- Found JSONCPP: TRUE  
[1.848s] -- Checking for module 'libzip'
[1.864s] --   Found libzip, version 1.7.3
[1.894s] -- Found ZIP: TRUE  
[1.894s] -- Looking for ignition-common3 -- found version 3.14.0
[1.894s] -- Looking for ignition-math6 -- found version 6.15.1
[1.895s] -- Looking for ignition-msgs5 -- found version 5.8.1
[1.897s] -- Gazebo version: 11.10
[1.897s] -- Checking for module 'tbb'
[1.905s] --   Found tbb, version 2021.5.0
[1.923s] -- Found geometry_msgs: 4.2.4 (/opt/ros/humble/share/geometry_msgs/cmake)
[1.934s] -- Found ament_lint_auto: 0.12.11 (/opt/ros/humble/share/ament_lint_auto/cmake)
[1.974s] -- Added test 'cppcheck' to perform static code analysis on C / C++ code
[1.974s] -- Configured cppcheck include dirs: /home/vishwam/iitb_racecar/src/racecar_plugins/include
[1.974s] -- Configured cppcheck exclude dirs and/or files: 
[1.974s] -- Added test 'lint_cmake' to check CMake code style
[1.975s] -- Added test 'uncrustify' to check C / C++ code style
[1.975s] -- Configured uncrustify additional arguments: 
[1.975s] -- Added test 'xmllint' to check XML markup files
[1.976s] -- Configuring done
[1.986s] -- Generating done
[1.987s] -- Build files have been written to: /home/vishwam/iitb_racecar/build/racecar_plugins
[1.994s] Invoked command in '/home/vishwam/iitb_racecar/build/racecar_plugins' returned '0': CMAKE_PREFIX_PATH=${CMAKE_PREFIX_PATH}:/opt/ros/humble:/home/vishwam/iitb_racecar/install/racecar /usr/bin/cmake /home/vishwam/iitb_racecar/src/racecar_plugins -DAMENT_CMAKE_SYMLINK_INSTALL=1 -DCMAKE_INSTALL_PREFIX=/home/vishwam/iitb_racecar/install/racecar_plugins
[1.994s] Invoking command in '/home/vishwam/iitb_racecar/build/racecar_plugins': CMAKE_PREFIX_PATH=${CMAKE_PREFIX_PATH}:/opt/ros/humble:/home/vishwam/iitb_racecar/install/racecar /usr/bin/cmake --build /home/vishwam/iitb_racecar/build/racecar_plugins -- -j20 -l20
[2.022s] [ 50%] [32mBuilding CXX object CMakeFiles/racecar_plugin.dir/src/racecar_plugin.cpp.o[0m
[7.502s] In file included from [01m[K/opt/ros/humble/include/rclcpp/rclcpp/subscription_base.hpp:32[m[K,
[7.502s]                  from [01m[K/opt/ros/humble/include/rclcpp/rclcpp/callback_group.hpp:29[m[K,
[7.502s]                  from [01m[K/opt/ros/humble/include/rclcpp/rclcpp/any_executable.hpp:20[m[K,
[7.502s]                  from [01m[K/opt/ros/humble/include/rclcpp/rclcpp/memory_strategy.hpp:25[m[K,
[7.502s]                  from [01m[K/opt/ros/humble/include/rclcpp/rclcpp/memory_strategies.hpp:18[m[K,
[7.502s]                  from [01m[K/opt/ros/humble/include/rclcpp/rclcpp/executor_options.hpp:20[m[K,
[7.502s]                  from [01m[K/opt/ros/humble/include/rclcpp/rclcpp/executor.hpp:37[m[K,
[7.502s]                  from [01m[K/opt/ros/humble/include/rclcpp/rclcpp/executors/multi_threaded_executor.hpp:25[m[K,
[7.502s]                  from [01m[K/opt/ros/humble/include/rclcpp/rclcpp/executors.hpp:21[m[K,
[7.502s]                  from [01m[K/opt/ros/humble/include/rclcpp/rclcpp/rclcpp.hpp:155[m[K,
[7.502s]                  from [01m[K/home/vishwam/iitb_racecar/src/racecar_plugins/include/racecar_plugins/racecar_plugin.hpp:4[m[K,
[7.502s]                  from [01m[K/home/vishwam/iitb_racecar/src/racecar_plugins/src/racecar_plugin.cpp:2[m[K:
[7.502s] /opt/ros/humble/include/rclcpp/rclcpp/any_subscription_callback.hpp: In instantiation of ‘[01m[Krclcpp::AnySubscriptionCallback<MessageT, AllocatorT> rclcpp::AnySubscriptionCallback<MessageT, AllocatorT>::set(CallbackT) [with CallbackT = std::_Bind<void (gazebo::RacecarPlugin::*(gazebo::RacecarPlugin*, std::_Placeholder<1>))(std::shared_ptr<geometry_msgs::msg::Twist_<std::allocator<void> > >)>; MessageT = geometry_msgs::msg::Twist_<std::allocator<void> >; AllocatorT = std::allocator<void>][m[K’:
[7.502s] [01m[K/opt/ros/humble/include/rclcpp/rclcpp/subscription_factory.hpp:94:32:[m[K   required from ‘[01m[Krclcpp::SubscriptionFactory rclcpp::create_subscription_factory(CallbackT&&, const rclcpp::SubscriptionOptionsWithAllocator<AllocatorT>&, typename MessageMemoryStrategyT::SharedPtr, std::shared_ptr<rclcpp::topic_statistics::SubscriptionTopicStatistics<ROSMessageType> >) [with MessageT = geometry_msgs::msg::Twist_<std::allocator<void> >; CallbackT = std::_Bind<void (gazebo::RacecarPlugin::*(gazebo::RacecarPlugin*, std::_Placeholder<1>))(std::shared_ptr<geometry_msgs::msg::Twist_<std::allocator<void> > >)>; AllocatorT = std::allocator<void>; SubscriptionT = rclcpp::Subscription<geometry_msgs::msg::Twist_<std::allocator<void> > >; MessageMemoryStrategyT = rclcpp::message_memory_strategy::MessageMemoryStrategy<geometry_msgs::msg::Twist_<std::allocator<void> >, std::allocator<void> >; ROSMessageType = geometry_msgs::msg::Twist_<std::allocator<void> >; typename MessageMemoryStrategyT::SharedPtr = std::shared_ptr<rclcpp::message_memory_strategy::MessageMemoryStrategy<geometry_msgs::msg::Twist_<std::allocator<void> >, std::allocator<void> > >][m[K’
[7.502s] [01m[K/opt/ros/humble/include/rclcpp/rclcpp/create_subscription.hpp:122:63:[m[K   required from ‘[01m[Kstd::shared_ptr<ROSMessageT> rclcpp::detail::create_subscription(NodeParametersT&, NodeTopicsT&, const string&, const rclcpp::QoS&, CallbackT&&, const rclcpp::SubscriptionOptionsWithAllocator<AllocatorT>&, typename MessageMemoryStrategyT::SharedPtr) [with MessageT = geometry_msgs::msg::Twist_<std::allocator<void> >; CallbackT = std::_Bind<void (gazebo::RacecarPlugin::*(gazebo::RacecarPlugin*, std::_Placeholder<1>))(std::shared_ptr<geometry_msgs::msg::Twist_<std::allocator<void> > >)>; AllocatorT = std::allocator<void>; SubscriptionT = rclcpp::Subscription<geometry_msgs::msg::Twist_<std::allocator<void> > >; MessageMemoryStrategyT = rclcpp::message_memory_strategy::MessageMemoryStrategy<geometry_msgs::msg::Twist_<std::allocator<void> >, std::allocator<void> >; NodeParametersT = rclcpp::Node; NodeTopicsT = rclcpp::Node; ROSMessageType = geometry_msgs::msg::Twist_<std::allocator<void> >; std::string = std::__cxx11::basic_string<char>; typename MessageMemoryStrategyT::SharedPtr = std::shared_ptr<rclcpp::message_memory_strategy::MessageMemoryStrategy<geometry_msgs::msg::Twist_<std::allocator<void> >, std::allocator<void> > >][m[K’
[7.502s] [01m[K/opt/ros/humble/include/rclcpp/rclcpp/create_subscription.hpp:191:76:[m[K   required from ‘[01m[Kstd::shared_ptr<ROSMessageT> rclcpp::create_subscription(NodeT&, const string&, const rclcpp::QoS&, CallbackT&&, const rclcpp::SubscriptionOptionsWithAllocator<AllocatorT>&, typename MessageMemoryStrategyT::SharedPtr) [with MessageT = geometry_msgs::msg::Twist_<std::allocator<void> >; CallbackT = std::_Bind<void (gazebo::RacecarPlugin::*(gazebo::RacecarPlugin*, std::_Placeholder<1>))(std::shared_ptr<geometry_msgs::msg::Twist_<std::allocator<void> > >)>; AllocatorT = std::allocator<void>; SubscriptionT = rclcpp::Subscription<geometry_msgs::msg::Twist_<std::allocator<void> > >; MessageMemoryStrategyT = rclcpp::message_memory_strategy::MessageMemoryStrategy<geometry_msgs::msg::Twist_<std::allocator<void> >, std::allocator<void> >; NodeT = rclcpp::Node; std::string = std::__cxx11::basic_string<char>; typename MessageMemoryStrategyT::SharedPtr = std::shared_ptr<rclcpp::message_memory_strategy::MessageMemoryStrategy<geometry_msgs::msg::Twist_<std::allocator<void> >, std::allocator<void> > >][m[K’
[7.502s] [01m[K/opt/ros/humble/include/rclcpp/rclcpp/node_impl.hpp:99:47:[m[K   required from ‘[01m[Kstd::shared_ptr<ROSMessageT> rclcpp::Node::create_subscription(const string&, const rclcpp::QoS&, CallbackT&&, const rclcpp::SubscriptionOptionsWithAllocator<AllocatorT>&, typename MessageMemoryStrategyT::SharedPtr) [with MessageT = geometry_msgs::msg::Twist_<std::allocator<void> >; CallbackT = std::_Bind<void (gazebo::RacecarPlugin::*(gazebo::RacecarPlugin*, std::_Placeholder<1>))(std::shared_ptr<geometry_msgs::msg::Twist_<std::allocator<void> > >)>; AllocatorT = std::allocator<void>; SubscriptionT = rclcpp::Subscription<geometry_msgs::msg::Twist_<std::allocator<void> > >; MessageMemoryStrategyT = rclcpp::message_memory_strategy::MessageMemoryStrategy<geometry_msgs::msg::Twist_<std::allocator<void> >, std::allocator<void> >; std::string = std::__cxx11::basic_string<char>; typename MessageMemoryStrategyT::SharedPtr = std::shared_ptr<rclcpp::message_memory_strategy::MessageMemoryStrategy<geometry_msgs::msg::Twist_<std::allocator<void> >, std::allocator<void> > >][m[K’
[7.502s] [01m[K/home/vishwam/iitb_racecar/src/racecar_plugins/src/racecar_plugin.cpp:24:76:[m[K   required from here
[7.502s] [01m[K/opt/ros/humble/include/rclcpp/rclcpp/any_subscription_callback.hpp:391:21:[m[K [01;35m[Kwarning: [m[K‘[01m[Kvoid rclcpp::AnySubscriptionCallback<MessageT, AllocatorT>::set_deprecated(std::function<void(std::shared_ptr<_Yp>)>) [with SetT = geometry_msgs::msg::Twist_<std::allocator<void> >; MessageT = geometry_msgs::msg::Twist_<std::allocator<void> >; AllocatorT = std::allocator<void>][m[K’ is deprecated: use 'void(std::shared_ptr<const MessageT>)' instead [[01;35m[K]8;;https://gcc.gnu.org/onlinedocs/gcc/Warning-Options.html#index-Wdeprecated-declarations-Wdeprecated-declarations]8;;[m[K]
[7.502s]   391 |       [01;35m[Kset_deprecated(static_cast<typename scbth::callback_type>(callback))[m[K;
[7.503s]       |       [01;35m[K~~~~~~~~~~~~~~^~~~~~~~~~~~~~~~~~~~~~~~~~~~~~~~~~~~~~~~~~~~~~~~~~~~~~[m[K
[7.503s] [01m[K/opt/ros/humble/include/rclcpp/rclcpp/any_subscription_callback.hpp:408:3:[m[K [01;36m[Knote: [m[Kdeclared here
[7.503s]   408 |   [01;36m[Kset_deprecated[m[K(std::function<void(std::shared_ptr<SetT>)> callback)
[7.503s]       |   [01;36m[K^~~~~~~~~~~~~~[m[K
[11.017s] [100%] [32m[1mLinking CXX shared library libracecar_plugin.so[0m
[11.424s] [100%] Built target racecar_plugin
[11.437s] Invoked command in '/home/vishwam/iitb_racecar/build/racecar_plugins' returned '0': CMAKE_PREFIX_PATH=${CMAKE_PREFIX_PATH}:/opt/ros/humble:/home/vishwam/iitb_racecar/install/racecar /usr/bin/cmake --build /home/vishwam/iitb_racecar/build/racecar_plugins -- -j20 -l20
[11.468s] Invoking command in '/home/vishwam/iitb_racecar/build/racecar_plugins': CMAKE_PREFIX_PATH=${CMAKE_PREFIX_PATH}:/opt/ros/humble:/home/vishwam/iitb_racecar/install/racecar /usr/bin/cmake --install /home/vishwam/iitb_racecar/build/racecar_plugins
[11.476s] -- Install configuration: ""
[11.477s] -- Execute custom install script
[11.477s] -- Symlinking: /home/vishwam/iitb_racecar/install/racecar_plugins/share/racecar_plugins/environment/library_path.sh
[11.486s] -- Symlinking: /home/vishwam/iitb_racecar/install/racecar_plugins/share/racecar_plugins/environment/library_path.dsv
[11.495s] -- Symlinking: /home/vishwam/iitb_racecar/install/racecar_plugins/lib/libracecar_plugin.so
[11.504s] -- Symlinking: /home/vishwam/iitb_racecar/install/racecar_plugins/share/ament_index/resource_index/package_run_dependencies/racecar_plugins
[11.513s] -- Symlinking: /home/vishwam/iitb_racecar/install/racecar_plugins/share/ament_index/resource_index/parent_prefix_path/racecar_plugins
[11.521s] -- Symlinking: /home/vishwam/iitb_racecar/install/racecar_plugins/share/racecar_plugins/environment/ament_prefix_path.sh
[11.530s] -- Symlinking: /home/vishwam/iitb_racecar/install/racecar_plugins/share/racecar_plugins/environment/ament_prefix_path.dsv
[11.538s] -- Symlinking: /home/vishwam/iitb_racecar/install/racecar_plugins/share/racecar_plugins/environment/path.sh
[11.547s] -- Symlinking: /home/vishwam/iitb_racecar/install/racecar_plugins/share/racecar_plugins/environment/path.dsv
[11.556s] -- Symlinking: /home/vishwam/iitb_racecar/install/racecar_plugins/share/racecar_plugins/local_setup.bash
[11.565s] -- Symlinking: /home/vishwam/iitb_racecar/install/racecar_plugins/share/racecar_plugins/local_setup.sh
[11.573s] -- Symlinking: /home/vishwam/iitb_racecar/install/racecar_plugins/share/racecar_plugins/local_setup.zsh
[11.582s] -- Symlinking: /home/vishwam/iitb_racecar/install/racecar_plugins/share/racecar_plugins/local_setup.dsv
[11.590s] -- Symlinking: /home/vishwam/iitb_racecar/install/racecar_plugins/share/racecar_plugins/package.dsv
[11.599s] -- Symlinking: /home/vishwam/iitb_racecar/install/racecar_plugins/share/ament_index/resource_index/packages/racecar_plugins
[11.607s] -- Symlinking: /home/vishwam/iitb_racecar/install/racecar_plugins/share/racecar_plugins/cmake/ament_cmake_export_libraries-extras.cmake
[11.616s] -- Symlinking: /home/vishwam/iitb_racecar/install/racecar_plugins/share/racecar_plugins/cmake/racecar_pluginsConfig.cmake
[11.624s] -- Symlinking: /home/vishwam/iitb_racecar/install/racecar_plugins/share/racecar_plugins/cmake/racecar_pluginsConfig-version.cmake
[11.632s] -- Symlinking: /home/vishwam/iitb_racecar/install/racecar_plugins/share/racecar_plugins/package.xml
[11.644s] Invoked command in '/home/vishwam/iitb_racecar/build/racecar_plugins' returned '0': CMAKE_PREFIX_PATH=${CMAKE_PREFIX_PATH}:/opt/ros/humble:/home/vishwam/iitb_racecar/install/racecar /usr/bin/cmake --install /home/vishwam/iitb_racecar/build/racecar_plugins
