running develop
running egg_info
creating racecar.egg-info
writing racecar.egg-info/PKG-INFO
writing dependency_links to racecar.egg-info/dependency_links.txt
writing entry points to racecar.egg-info/entry_points.txt
writing requirements to racecar.egg-info/requires.txt
writing top-level names to racecar.egg-info/top_level.txt
writing manifest file 'racecar.egg-info/SOURCES.txt'
reading manifest file 'racecar.egg-info/SOURCES.txt'
writing manifest file 'racecar.egg-info/SOURCES.txt'
running build_ext
Creating /home/vishwam/iitb_racecar/install/racecar/lib/python3.10/site-packages/racecar.egg-link (link to .)
Installing control script to /home/vishwam/iitb_racecar/install/racecar/lib/racecar
Installing pos script to /home/vishwam/iitb_racecar/install/racecar/lib/racecar

Installed /home/vishwam/iitb_racecar/build/racecar
running symlink_data
creating /home/vishwam/iitb_racecar/install/racecar/share/ament_index
creating /home/vishwam/iitb_racecar/install/racecar/share/ament_index/resource_index
creating /home/vishwam/iitb_racecar/install/racecar/share/ament_index/resource_index/packages
symbolically linking /home/vishwam/iitb_racecar/build/racecar/resource/racecar -> /home/vishwam/iitb_racecar/install/racecar/share/ament_index/resource_index/packages
symbolically linking /home/vishwam/iitb_racecar/build/racecar/package.xml -> /home/vishwam/iitb_racecar/install/racecar/share/racecar
creating /home/vishwam/iitb_racecar/install/racecar/share/racecar/launch
symbolically linking /home/vishwam/iitb_racecar/build/racecar/launch/iitb_racecar.launch.py -> /home/vishwam/iitb_racecar/install/racecar/share/racecar/launch
symbolically linking /home/vishwam/iitb_racecar/build/racecar/launch/joint_controller.launch.py -> /home/vishwam/iitb_racecar/install/racecar/share/racecar/launch
symbolically linking /home/vishwam/iitb_racecar/build/racecar/launch/robot_state_publisher.launch.py -> /home/vishwam/iitb_racecar/install/racecar/share/racecar/launch
creating /home/vishwam/iitb_racecar/install/racecar/share/racecar/config
symbolically linking /home/vishwam/iitb_racecar/build/racecar/config/racecar_control.yaml -> /home/vishwam/iitb_racecar/install/racecar/share/racecar/config
