[0.569s] Invoking command in '/home/vishwam/iitb_racecar/build/racecar': CMAKE_PREFIX_PATH=/home/vishwam/iitb_racecar/install/racecar_description:/home/vishwam/iitb_racecar/install/racecar_plugins PYTHONPATH=/home/vishwam/iitb_racecar/build/racecar/prefix_override:/home/vishwam/.local/lib/python3.10/site-packages/colcon_core/task/python/colcon_distutils_commands:/home/vishwam/iitb_racecar/install/racecar/lib/python3.10/site-packages:${PYTHONPATH} /usr/bin/python3 -W ignore:setup.py install is deprecated setup.py develop --editable --build-directory /home/vishwam/iitb_racecar/build/racecar/build --no-deps symlink_data
[0.754s] running develop
[0.754s] /usr/lib/python3/dist-packages/setuptools/command/easy_install.py:158: EasyInstallDeprecationWarning: easy_install command is deprecated. Use build and pip and other standards-based tools.
[0.754s]   warnings.warn(
[0.856s] running egg_info
[0.856s] creating racecar.egg-info
[0.856s] writing racecar.egg-info/PKG-INFO
[0.856s] writing dependency_links to racecar.egg-info/dependency_links.txt
[0.856s] writing entry points to racecar.egg-info/entry_points.txt
[0.856s] writing requirements to racecar.egg-info/requires.txt
[0.857s] writing top-level names to racecar.egg-info/top_level.txt
[0.857s] writing manifest file 'racecar.egg-info/SOURCES.txt'
[0.857s] reading manifest file 'racecar.egg-info/SOURCES.txt'
[0.858s] writing manifest file 'racecar.egg-info/SOURCES.txt'
[0.879s] running build_ext
[0.879s] Creating /home/vishwam/iitb_racecar/install/racecar/lib/python3.10/site-packages/racecar.egg-link (link to .)
[0.880s] Installing control script to /home/vishwam/iitb_racecar/install/racecar/lib/racecar
[0.880s] Installing pos script to /home/vishwam/iitb_racecar/install/racecar/lib/racecar
[0.880s] 
[0.880s] Installed /home/vishwam/iitb_racecar/build/racecar
[0.880s] running symlink_data
[0.880s] creating /home/vishwam/iitb_racecar/install/racecar/share/ament_index
[0.880s] creating /home/vishwam/iitb_racecar/install/racecar/share/ament_index/resource_index
[0.880s] creating /home/vishwam/iitb_racecar/install/racecar/share/ament_index/resource_index/packages
[0.880s] symbolically linking /home/vishwam/iitb_racecar/build/racecar/resource/racecar -> /home/vishwam/iitb_racecar/install/racecar/share/ament_index/resource_index/packages
[0.880s] symbolically linking /home/vishwam/iitb_racecar/build/racecar/package.xml -> /home/vishwam/iitb_racecar/install/racecar/share/racecar
[0.880s] creating /home/vishwam/iitb_racecar/install/racecar/share/racecar/launch
[0.880s] symbolically linking /home/vishwam/iitb_racecar/build/racecar/launch/iitb_racecar.launch.py -> /home/vishwam/iitb_racecar/install/racecar/share/racecar/launch
[0.880s] symbolically linking /home/vishwam/iitb_racecar/build/racecar/launch/joint_controller.launch.py -> /home/vishwam/iitb_racecar/install/racecar/share/racecar/launch
[0.881s] symbolically linking /home/vishwam/iitb_racecar/build/racecar/launch/robot_state_publisher.launch.py -> /home/vishwam/iitb_racecar/install/racecar/share/racecar/launch
[0.881s] creating /home/vishwam/iitb_racecar/install/racecar/share/racecar/config
[0.881s] symbolically linking /home/vishwam/iitb_racecar/build/racecar/config/racecar_control.yaml -> /home/vishwam/iitb_racecar/install/racecar/share/racecar/config
[0.898s] Invoked command in '/home/vishwam/iitb_racecar/build/racecar' returned '0': CMAKE_PREFIX_PATH=/home/vishwam/iitb_racecar/install/racecar_description:/home/vishwam/iitb_racecar/install/racecar_plugins PYTHONPATH=/home/vishwam/iitb_racecar/build/racecar/prefix_override:/home/vishwam/.local/lib/python3.10/site-packages/colcon_core/task/python/colcon_distutils_commands:/home/vishwam/iitb_racecar/install/racecar/lib/python3.10/site-packages:${PYTHONPATH} /usr/bin/python3 -W ignore:setup.py install is deprecated setup.py develop --editable --build-directory /home/vishwam/iitb_racecar/build/racecar/build --no-deps symlink_data
